The system is: Darwin - 21.2.0 - arm64
Compiling the CXX compiler identification source file "CMakeCXXCompilerId.cpp" succeeded.
Compiler: /usr/bin/c++ 
Build flags: 
Id flags:  

The output was:
0
objc[13357]: Class AMSupportURLConnectionDelegate is implemented in both /usr/lib/libauthinstall.dylib (0x1da66eb90) and /Library/Apple/System/Library/PrivateFrameworks/MobileDevice.framework/Versions/A/MobileDevice (0x1041802c8). One of the two will be used. Which one is undefined.
objc[13357]: Class AMSupportURLSession is implemented in both /usr/lib/libauthinstall.dylib (0x1da66ebe0) and /Library/Apple/System/Library/PrivateFrameworks/MobileDevice.framework/Versions/A/MobileDevice (0x104180318). One of the two will be used. Which one is undefined.
Command line invocation:
    /Applications/Xcode.app/Contents/Developer/usr/bin/xcodebuild

User defaults from command line:
    IDEPackageSupportUseBuiltinSCM = YES

note: Using new build system
note: Planning
Analyze workspace

Create build description
Build description signature: 046a44695ccf15a1f1b18075f76a7229
Build description path: /Users/gayuhkautaman/Documents/code/cpp/KIJProject/build-KIJProject-Qt_6_2_2_homebrew/CMakeFiles/3.21.1/CompilerIdCXX/./XCBuildData/046a44695ccf15a1f1b18075f76a7229-desc.xcbuild

note: Build preparation complete
warning: Building targets in manual order is deprecated - check "Parallelize build for command-line builds" in the project editor, or set DISABLE_MANUAL_TARGET_ORDER_BUILD_WARNING in any of the targets in the current build to suppress this warning
CreateBuildDirectory /Users/gayuhkautaman/Documents/code/cpp/KIJProject/build-KIJProject-Qt_6_2_2_homebrew/CMakeFiles/3.21.1/CompilerIdCXX
    cd /Users/gayuhkautaman/Documents/code/cpp/KIJProject/build-KIJProject-Qt_6_2_2_homebrew/CMakeFiles/3.21.1/CompilerIdCXX/CompilerIdCXX.xcodeproj
    builtin-create-build-directory /Users/gayuhkautaman/Documents/code/cpp/KIJProject/build-KIJProject-Qt_6_2_2_homebrew/CMakeFiles/3.21.1/CompilerIdCXX

warning: Traditional headermap style is no longer supported; please migrate to using separate headermaps and set 'ALWAYS_SEARCH_USER_PATHS' to NO. (in target 'CompilerIdCXX' from project 'CompilerIdCXX')
WriteAuxiliaryFile /Users/gayuhkautaman/Documents/code/cpp/KIJProject/build-KIJProject-Qt_6_2_2_homebrew/CMakeFiles/3.21.1/CompilerIdCXX/CompilerIdCXX.build/Debug/CompilerIdCXX.build/CompilerIdCXX-own-target-headers.hmap (in target 'CompilerIdCXX' from project 'CompilerIdCXX')
    cd /Users/gayuhkautaman/Documents/code/cpp/KIJProject/build-KIJProject-Qt_6_2_2_homebrew/CMakeFiles/3.21.1/CompilerIdCXX
    write-file /Users/gayuhkautaman/Documents/code/cpp/KIJProject/build-KIJProject-Qt_6_2_2_homebrew/CMakeFiles/3.21.1/CompilerIdCXX/CompilerIdCXX.build/Debug/CompilerIdCXX.build/CompilerIdCXX-own-target-headers.hmap

WriteAuxiliaryFile /Users/gayuhkautaman/Documents/code/cpp/KIJProject/build-KIJProject-Qt_6_2_2_homebrew/CMakeFiles/3.21.1/CompilerIdCXX/CompilerIdCXX.build/Debug/CompilerIdCXX.build/all-product-headers.yaml (in target 'CompilerIdCXX' from project 'CompilerIdCXX')
    cd /Users/gayuhkautaman/Documents/code/cpp/KIJProject/build-KIJProject-Qt_6_2_2_homebrew/CMakeFiles/3.21.1/CompilerIdCXX
    write-file /Users/gayuhkautaman/Documents/code/cpp/KIJProject/build-KIJProject-Qt_6_2_2_homebrew/CMakeFiles/3.21.1/CompilerIdCXX/CompilerIdCXX.build/Debug/CompilerIdCXX.build/all-product-headers.yaml

WriteAuxiliaryFile /Users/gayuhkautaman/Documents/code/cpp/KIJProject/build-KIJProject-Qt_6_2_2_homebrew/CMakeFiles/3.21.1/CompilerIdCXX/CompilerIdCXX.build/Debug/CompilerIdCXX.build/CompilerIdCXX-generated-files.hmap (in target 'CompilerIdCXX' from project 'CompilerIdCXX')
    cd /Users/gayuhkautaman/Documents/code/cpp/KIJProject/build-KIJProject-Qt_6_2_2_homebrew/CMakeFiles/3.21.1/CompilerIdCXX
    write-file /Users/gayuhkautaman/Documents/code/cpp/KIJProject/build-KIJProject-Qt_6_2_2_homebrew/CMakeFiles/3.21.1/CompilerIdCXX/CompilerIdCXX.build/Debug/CompilerIdCXX.build/CompilerIdCXX-generated-files.hmap

WriteAuxiliaryFile /Users/gayuhkautaman/Documents/code/cpp/KIJProject/build-KIJProject-Qt_6_2_2_homebrew/CMakeFiles/3.21.1/CompilerIdCXX/CompilerIdCXX.build/Debug/CompilerIdCXX.build/CompilerIdCXX-all-non-framework-target-headers.hmap (in target 'CompilerIdCXX' from project 'CompilerIdCXX')
    cd /Users/gayuhkautaman/Documents/code/cpp/KIJProject/build-KIJProject-Qt_6_2_2_homebrew/CMakeFiles/3.21.1/CompilerIdCXX
    write-file /Users/gayuhkautaman/Documents/code/cpp/KIJProject/build-KIJProject-Qt_6_2_2_homebrew/CMakeFiles/3.21.1/CompilerIdCXX/CompilerIdCXX.build/Debug/CompilerIdCXX.build/CompilerIdCXX-all-non-framework-target-headers.hmap

WriteAuxiliaryFile /Users/gayuhkautaman/Documents/code/cpp/KIJProject/build-KIJProject-Qt_6_2_2_homebrew/CMakeFiles/3.21.1/CompilerIdCXX/CompilerIdCXX.build/Debug/CompilerIdCXX.build/CompilerIdCXX-project-headers.hmap (in target 'CompilerIdCXX' from project 'CompilerIdCXX')
    cd /Users/gayuhkautaman/Documents/code/cpp/KIJProject/build-KIJProject-Qt_6_2_2_homebrew/CMakeFiles/3.21.1/CompilerIdCXX
    write-file /Users/gayuhkautaman/Documents/code/cpp/KIJProject/build-KIJProject-Qt_6_2_2_homebrew/CMakeFiles/3.21.1/CompilerIdCXX/CompilerIdCXX.build/Debug/CompilerIdCXX.build/CompilerIdCXX-project-headers.hmap

WriteAuxiliaryFile /Users/gayuhkautaman/Documents/code/cpp/KIJProject/build-KIJProject-Qt_6_2_2_homebrew/CMakeFiles/3.21.1/CompilerIdCXX/CompilerIdCXX.build/Debug/CompilerIdCXX.build/CompilerIdCXX-all-target-headers.hmap (in target 'CompilerIdCXX' from project 'CompilerIdCXX')
    cd /Users/gayuhkautaman/Documents/code/cpp/KIJProject/build-KIJProject-Qt_6_2_2_homebrew/CMakeFiles/3.21.1/CompilerIdCXX
    write-file /Users/gayuhkautaman/Documents/code/cpp/KIJProject/build-KIJProject-Qt_6_2_2_homebrew/CMakeFiles/3.21.1/CompilerIdCXX/CompilerIdCXX.build/Debug/CompilerIdCXX.build/CompilerIdCXX-all-target-headers.hmap

WriteAuxiliaryFile /Users/gayuhkautaman/Documents/code/cpp/KIJProject/build-KIJProject-Qt_6_2_2_homebrew/CMakeFiles/3.21.1/CompilerIdCXX/CompilerIdCXX.build/Debug/CompilerIdCXX.build/CompilerIdCXX.hmap (in target 'CompilerIdCXX' from project 'CompilerIdCXX')
    cd /Users/gayuhkautaman/Documents/code/cpp/KIJProject/build-KIJProject-Qt_6_2_2_homebrew/CMakeFiles/3.21.1/CompilerIdCXX
    write-file /Users/gayuhkautaman/Documents/code/cpp/KIJProject/build-KIJProject-Qt_6_2_2_homebrew/CMakeFiles/3.21.1/CompilerIdCXX/CompilerIdCXX.build/Debug/CompilerIdCXX.build/CompilerIdCXX.hmap

WriteAuxiliaryFile /Users/gayuhkautaman/Documents/code/cpp/KIJProject/build-KIJProject-Qt_6_2_2_homebrew/CMakeFiles/3.21.1/CompilerIdCXX/CompilerIdCXX.build/Debug/CompilerIdCXX.build/Objects-normal/arm64/CompilerIdCXX.LinkFileList (in target 'CompilerIdCXX' from project 'CompilerIdCXX')
    cd /Users/gayuhkautaman/Documents/code/cpp/KIJProject/build-KIJProject-Qt_6_2_2_homebrew/CMakeFiles/3.21.1/CompilerIdCXX
    write-file /Users/gayuhkautaman/Documents/code/cpp/KIJProject/build-KIJProject-Qt_6_2_2_homebrew/CMakeFiles/3.21.1/CompilerIdCXX/CompilerIdCXX.build/Debug/CompilerIdCXX.build/Objects-normal/arm64/CompilerIdCXX.LinkFileList

CompileC /Users/gayuhkautaman/Documents/code/cpp/KIJProject/build-KIJProject-Qt_6_2_2_homebrew/CMakeFiles/3.21.1/CompilerIdCXX/CompilerIdCXX.build/Debug/CompilerIdCXX.build/Objects-normal/arm64/CMakeCXXCompilerId.o /Users/gayuhkautaman/Documents/code/cpp/KIJProject/build-KIJProject-Qt_6_2_2_homebrew/CMakeFiles/3.21.1/CompilerIdCXX/CMakeCXXCompilerId.cpp normal arm64 c++ com.apple.compilers.llvm.clang.1_0.compiler (in target 'CompilerIdCXX' from project 'CompilerIdCXX')
    cd /Users/gayuhkautaman/Documents/code/cpp/KIJProject/build-KIJProject-Qt_6_2_2_homebrew/CMakeFiles/3.21.1/CompilerIdCXX
    export LANG\=en_US.US-ASCII
    /Applications/Xcode.app/Contents/Developer/Toolchains/XcodeDefault.xctoolchain/usr/bin/clang -x c++ -target arm64-apple-macos12.1 -fmessage-length\=0 -fdiagnostics-show-note-include-stack -fmacro-backtrace-limit\=0 -Wno-trigraphs -fpascal-strings -Os -Wno-missing-field-initializers -Wno-missing-prototypes -Wno-return-type -Wno-non-virtual-dtor -Wno-overloaded-virtual -Wno-exit-time-destructors -Wno-missing-braces -Wparentheses -Wswitch -Wno-unused-function -Wno-unused-label -Wno-unused-parameter -Wno-unused-variable -Wunused-value -Wno-empty-body -Wno-uninitialized -Wno-unknown-pragmas -Wno-shadow -Wno-four-char-constants -Wno-conversion -Wno-constant-conversion -Wno-int-conversion -Wno-bool-conversion -Wno-enum-conversion -Wno-float-conversion -Wno-non-literal-null-conversion -Wno-objc-literal-conversion -Wno-shorten-64-to-32 -Wno-newline-eof -Wno-c++11-extensions -isysroot /Applications/Xcode.app/Contents/Developer/Platforms/MacOSX.platform/Developer/SDKs/MacOSX12.1.sdk -fstrict-aliasing -Wdeprecated-declarations -Winvalid-offsetof -g -fvisibility\=hidden -fvisibility-inlines-hidden -Wno-sign-conversion -Wno-infinite-recursion -Wno-move -Wno-comma -Wno-block-capture-autoreleasing -Wno-strict-prototypes -Wno-range-loop-analysis -Wno-semicolon-before-method-body -iquote /Users/gayuhkautaman/Documents/code/cpp/KIJProject/build-KIJProject-Qt_6_2_2_homebrew/CMakeFiles/3.21.1/CompilerIdCXX/CompilerIdCXX.build/Debug/CompilerIdCXX.build/CompilerIdCXX-generated-files.hmap -I/Users/gayuhkautaman/Documents/code/cpp/KIJProject/build-KIJProject-Qt_6_2_2_homebrew/CMakeFiles/3.21.1/CompilerIdCXX/CompilerIdCXX.build/Debug/CompilerIdCXX.build/CompilerIdCXX-own-target-headers.hmap -I/Users/gayuhkautaman/Documents/code/cpp/KIJProject/build-KIJProject-Qt_6_2_2_homebrew/CMakeFiles/3.21.1/CompilerIdCXX/CompilerIdCXX.build/Debug/CompilerIdCXX.build/CompilerIdCXX-all-target-headers.hmap -iquote /Users/gayuhkautaman/Documents/code/cpp/KIJProject/build-KIJProject-Qt_6_2_2_homebrew/CMakeFiles/3.21.1/CompilerIdCXX/CompilerIdCXX.build/Debug/CompilerIdCXX.build/CompilerIdCXX-project-headers.hmap -I/Users/gayuhkautaman/Documents/code/cpp/KIJProject/build-KIJProject-Qt_6_2_2_homebrew/CMakeFiles/3.21.1/CompilerIdCXX/include -I/Users/gayuhkautaman/Documents/code/cpp/KIJProject/build-KIJProject-Qt_6_2_2_homebrew/CMakeFiles/3.21.1/CompilerIdCXX/CompilerIdCXX.build/Debug/CompilerIdCXX.build/DerivedSources-normal/arm64 -I/Users/gayuhkautaman/Documents/code/cpp/KIJProject/build-KIJProject-Qt_6_2_2_homebrew/CMakeFiles/3.21.1/CompilerIdCXX/CompilerIdCXX.build/Debug/CompilerIdCXX.build/DerivedSources/arm64 -I/Users/gayuhkautaman/Documents/code/cpp/KIJProject/build-KIJProject-Qt_6_2_2_homebrew/CMakeFiles/3.21.1/CompilerIdCXX/CompilerIdCXX.build/Debug/CompilerIdCXX.build/DerivedSources -F/Users/gayuhkautaman/Documents/code/cpp/KIJProject/build-KIJProject-Qt_6_2_2_homebrew/CMakeFiles/3.21.1/CompilerIdCXX -MMD -MT dependencies -MF /Users/gayuhkautaman/Documents/code/cpp/KIJProject/build-KIJProject-Qt_6_2_2_homebrew/CMakeFiles/3.21.1/CompilerIdCXX/CompilerIdCXX.build/Debug/CompilerIdCXX.build/Objects-normal/arm64/CMakeCXXCompilerId.d --serialize-diagnostics /Users/gayuhkautaman/Documents/code/cpp/KIJProject/build-KIJProject-Qt_6_2_2_homebrew/CMakeFiles/3.21.1/CompilerIdCXX/CompilerIdCXX.build/Debug/CompilerIdCXX.build/Objects-normal/arm64/CMakeCXXCompilerId.dia -c /Users/gayuhkautaman/Documents/code/cpp/KIJProject/build-KIJProject-Qt_6_2_2_homebrew/CMakeFiles/3.21.1/CompilerIdCXX/CMakeCXXCompilerId.cpp -o /Users/gayuhkautaman/Documents/code/cpp/KIJProject/build-KIJProject-Qt_6_2_2_homebrew/CMakeFiles/3.21.1/CompilerIdCXX/CompilerIdCXX.build/Debug/CompilerIdCXX.build/Objects-normal/arm64/CMakeCXXCompilerId.o

Ld /Users/gayuhkautaman/Documents/code/cpp/KIJProject/build-KIJProject-Qt_6_2_2_homebrew/CMakeFiles/3.21.1/CompilerIdCXX/CompilerIdCXX normal (in target 'CompilerIdCXX' from project 'CompilerIdCXX')
    cd /Users/gayuhkautaman/Documents/code/cpp/KIJProject/build-KIJProject-Qt_6_2_2_homebrew/CMakeFiles/3.21.1/CompilerIdCXX
    /Applications/Xcode.app/Contents/Developer/Toolchains/XcodeDefault.xctoolchain/usr/bin/clang++ -target arm64-apple-macos12.1 -isysroot /Applications/Xcode.app/Contents/Developer/Platforms/MacOSX.platform/Developer/SDKs/MacOSX12.1.sdk -L/Users/gayuhkautaman/Documents/code/cpp/KIJProject/build-KIJProject-Qt_6_2_2_homebrew/CMakeFiles/3.21.1/CompilerIdCXX -F/Users/gayuhkautaman/Documents/code/cpp/KIJProject/build-KIJProject-Qt_6_2_2_homebrew/CMakeFiles/3.21.1/CompilerIdCXX -filelist /Users/gayuhkautaman/Documents/code/cpp/KIJProject/build-KIJProject-Qt_6_2_2_homebrew/CMakeFiles/3.21.1/CompilerIdCXX/CompilerIdCXX.build/Debug/CompilerIdCXX.build/Objects-normal/arm64/CompilerIdCXX.LinkFileList -Xlinker -object_path_lto -Xlinker /Users/gayuhkautaman/Documents/code/cpp/KIJProject/build-KIJProject-Qt_6_2_2_homebrew/CMakeFiles/3.21.1/CompilerIdCXX/CompilerIdCXX.build/Debug/CompilerIdCXX.build/Objects-normal/arm64/CompilerIdCXX_lto.o -Xlinker -dependency_info -Xlinker /Users/gayuhkautaman/Documents/code/cpp/KIJProject/build-KIJProject-Qt_6_2_2_homebrew/CMakeFiles/3.21.1/CompilerIdCXX/CompilerIdCXX.build/Debug/CompilerIdCXX.build/Objects-normal/arm64/CompilerIdCXX_dependency_info.dat -o /Users/gayuhkautaman/Documents/code/cpp/KIJProject/build-KIJProject-Qt_6_2_2_homebrew/CMakeFiles/3.21.1/CompilerIdCXX/CompilerIdCXX

WriteAuxiliaryFile /Users/gayuhkautaman/Documents/code/cpp/KIJProject/build-KIJProject-Qt_6_2_2_homebrew/CMakeFiles/3.21.1/CompilerIdCXX/CompilerIdCXX.build/Debug/CompilerIdCXX.build/Script-2C8FEB8E15DC1A1A00E56A5D.sh (in target 'CompilerIdCXX' from project 'CompilerIdCXX')
    cd /Users/gayuhkautaman/Documents/code/cpp/KIJProject/build-KIJProject-Qt_6_2_2_homebrew/CMakeFiles/3.21.1/CompilerIdCXX
    write-file /Users/gayuhkautaman/Documents/code/cpp/KIJProject/build-KIJProject-Qt_6_2_2_homebrew/CMakeFiles/3.21.1/CompilerIdCXX/CompilerIdCXX.build/Debug/CompilerIdCXX.build/Script-2C8FEB8E15DC1A1A00E56A5D.sh

PhaseScriptExecution Run\ Script /Users/gayuhkautaman/Documents/code/cpp/KIJProject/build-KIJProject-Qt_6_2_2_homebrew/CMakeFiles/3.21.1/CompilerIdCXX/CompilerIdCXX.build/Debug/CompilerIdCXX.build/Script-2C8FEB8E15DC1A1A00E56A5D.sh (in target 'CompilerIdCXX' from project 'CompilerIdCXX')
    cd /Users/gayuhkautaman/Documents/code/cpp/KIJProject/build-KIJProject-Qt_6_2_2_homebrew/CMakeFiles/3.21.1/CompilerIdCXX
    /bin/sh -c /Users/gayuhkautaman/Documents/code/cpp/KIJProject/build-KIJProject-Qt_6_2_2_homebrew/CMakeFiles/3.21.1/CompilerIdCXX/CompilerIdCXX.build/Debug/CompilerIdCXX.build/Script-2C8FEB8E15DC1A1A00E56A5D.sh
GCC_VERSION=com.apple.compilers.llvm.clang.1_0
ARCHS=arm64

RegisterExecutionPolicyException /Users/gayuhkautaman/Documents/code/cpp/KIJProject/build-KIJProject-Qt_6_2_2_homebrew/CMakeFiles/3.21.1/CompilerIdCXX/CompilerIdCXX (in target 'CompilerIdCXX' from project 'CompilerIdCXX')
    cd /Users/gayuhkautaman/Documents/code/cpp/KIJProject/build-KIJProject-Qt_6_2_2_homebrew/CMakeFiles/3.21.1/CompilerIdCXX
    builtin-RegisterExecutionPolicyException /Users/gayuhkautaman/Documents/code/cpp/KIJProject/build-KIJProject-Qt_6_2_2_homebrew/CMakeFiles/3.21.1/CompilerIdCXX/CompilerIdCXX

** BUILD SUCCEEDED **



Compilation of the CXX compiler identification source "CMakeCXXCompilerId.cpp" produced "CompilerIdCXX"

The CXX compiler identification is AppleClang, found in "/Users/gayuhkautaman/Documents/code/cpp/KIJProject/build-KIJProject-Qt_6_2_2_homebrew/CMakeFiles/3.21.1/CompilerIdCXX/CompilerIdCXX"

Detecting CXX compiler ABI info compiled with the following output:
Change Dir: /Users/gayuhkautaman/Documents/code/cpp/KIJProject/build-KIJProject-Qt_6_2_2_homebrew/CMakeFiles/CMakeTmp

Run Build Command(s):/usr/bin/xcodebuild -project CMAKE_TRY_COMPILE.xcodeproj build -target cmTC_29c09 -parallelizeTargets -configuration Debug -hideShellScriptEnvironment && objc[13380]: Class AMSupportURLConnectionDelegate is implemented in both /usr/lib/libauthinstall.dylib (0x1da66eb90) and /Library/Apple/System/Library/PrivateFrameworks/MobileDevice.framework/Versions/A/MobileDevice (0x10655c2c8). One of the two will be used. Which one is undefined.
objc[13380]: Class AMSupportURLSession is implemented in both /usr/lib/libauthinstall.dylib (0x1da66ebe0) and /Library/Apple/System/Library/PrivateFrameworks/MobileDevice.framework/Versions/A/MobileDevice (0x10655c318). One of the two will be used. Which one is undefined.
Command line invocation:
    /Applications/Xcode.app/Contents/Developer/usr/bin/xcodebuild -project CMAKE_TRY_COMPILE.xcodeproj build -target cmTC_29c09 -parallelizeTargets -configuration Debug -hideShellScriptEnvironment

User defaults from command line:
    HideShellScriptEnvironment = YES
    IDEPackageSupportUseBuiltinSCM = YES

note: Using new build system
note: Planning
Analyze workspace

Create build description
Build description signature: 3631996c1b6068fee1fcd1ba0f5ca54a
Build description path: /Users/gayuhkautaman/Documents/code/cpp/KIJProject/build-KIJProject-Qt_6_2_2_homebrew/CMakeFiles/CMakeTmp/build/XCBuildData/3631996c1b6068fee1fcd1ba0f5ca54a-desc.xcbuild

note: Build preparation complete
note: Building targets in dependency order
CreateBuildDirectory /Users/gayuhkautaman/Documents/code/cpp/KIJProject/build-KIJProject-Qt_6_2_2_homebrew/CMakeFiles/CMakeTmp
    cd /Users/gayuhkautaman/Documents/code/cpp/KIJProject/build-KIJProject-Qt_6_2_2_homebrew/CMakeFiles/CMakeTmp/CMAKE_TRY_COMPILE.xcodeproj
    builtin-create-build-directory /Users/gayuhkautaman/Documents/code/cpp/KIJProject/build-KIJProject-Qt_6_2_2_homebrew/CMakeFiles/CMakeTmp

CreateBuildDirectory /Users/gayuhkautaman/Documents/code/cpp/KIJProject/build-KIJProject-Qt_6_2_2_homebrew/CMakeFiles/CMakeTmp/Debug
    cd /Users/gayuhkautaman/Documents/code/cpp/KIJProject/build-KIJProject-Qt_6_2_2_homebrew/CMakeFiles/CMakeTmp/CMAKE_TRY_COMPILE.xcodeproj
    builtin-create-build-directory /Users/gayuhkautaman/Documents/code/cpp/KIJProject/build-KIJProject-Qt_6_2_2_homebrew/CMakeFiles/CMakeTmp/Debug

WriteAuxiliaryFile /Users/gayuhkautaman/Documents/code/cpp/KIJProject/build-KIJProject-Qt_6_2_2_homebrew/CMakeFiles/CMakeTmp/CMAKE_TRY_COMPILE.build/Debug/cmTC_29c09.build/Objects-normal/arm64/cmTC_29c09.LinkFileList (in target 'cmTC_29c09' from project 'CMAKE_TRY_COMPILE')
    cd /Users/gayuhkautaman/Documents/code/cpp/KIJProject/build-KIJProject-Qt_6_2_2_homebrew/CMakeFiles/CMakeTmp
    write-file /Users/gayuhkautaman/Documents/code/cpp/KIJProject/build-KIJProject-Qt_6_2_2_homebrew/CMakeFiles/CMakeTmp/CMAKE_TRY_COMPILE.build/Debug/cmTC_29c09.build/Objects-normal/arm64/cmTC_29c09.LinkFileList

CompileC /Users/gayuhkautaman/Documents/code/cpp/KIJProject/build-KIJProject-Qt_6_2_2_homebrew/CMakeFiles/CMakeTmp/CMAKE_TRY_COMPILE.build/Debug/cmTC_29c09.build/Objects-normal/arm64/CMakeCXXCompilerABI.o /Users/gayuhkautaman/Qt/Tools/CMake/CMake.app/Contents/share/cmake-3.21/Modules/CMakeCXXCompilerABI.cpp normal arm64 c++ com.apple.compilers.llvm.clang.1_0.compiler (in target 'cmTC_29c09' from project 'CMAKE_TRY_COMPILE')
    cd /Users/gayuhkautaman/Documents/code/cpp/KIJProject/build-KIJProject-Qt_6_2_2_homebrew/CMakeFiles/CMakeTmp
    /Applications/Xcode.app/Contents/Developer/Toolchains/XcodeDefault.xctoolchain/usr/bin/clang -x c++ -target arm64-apple-macos12.1 -fmessage-length\=0 -fdiagnostics-show-note-include-stack -fmacro-backtrace-limit\=0 -Wno-trigraphs -fpascal-strings -O0 -Wno-missing-field-initializers -Wno-missing-prototypes -Wno-return-type -Wno-non-virtual-dtor -Wno-overloaded-virtual -Wno-exit-time-destructors -Wno-missing-braces -Wparentheses -Wswitch -Wno-unused-function -Wno-unused-label -Wno-unused-parameter -Wno-unused-variable -Wunused-value -Wno-empty-body -Wno-uninitialized -Wno-unknown-pragmas -Wno-shadow -Wno-four-char-constants -Wno-conversion -Wno-constant-conversion -Wno-int-conversion -Wno-bool-conversion -Wno-enum-conversion -Wno-float-conversion -Wno-non-literal-null-conversion -Wno-objc-literal-conversion -Wno-shorten-64-to-32 -Wno-newline-eof -Wno-c++11-extensions -DCMAKE_INTDIR\=\"Debug\" -isysroot /Applications/Xcode.app/Contents/Developer/Platforms/MacOSX.platform/Developer/SDKs/MacOSX12.1.sdk -fstrict-aliasing -Wdeprecated-declarations -Winvalid-offsetof -g -Wno-sign-conversion -Wno-infinite-recursion -Wno-move -Wno-comma -Wno-block-capture-autoreleasing -Wno-strict-prototypes -Wno-range-loop-analysis -Wno-semicolon-before-method-body -I/Users/gayuhkautaman/Documents/code/cpp/KIJProject/build-KIJProject-Qt_6_2_2_homebrew/CMakeFiles/CMakeTmp/Debug/include -I/Users/gayuhkautaman/Documents/code/cpp/KIJProject/build-KIJProject-Qt_6_2_2_homebrew/CMakeFiles/CMakeTmp/CMAKE_TRY_COMPILE.build/Debug/cmTC_29c09.build/DerivedSources-normal/arm64 -I/Users/gayuhkautaman/Documents/code/cpp/KIJProject/build-KIJProject-Qt_6_2_2_homebrew/CMakeFiles/CMakeTmp/CMAKE_TRY_COMPILE.build/Debug/cmTC_29c09.build/DerivedSources/arm64 -I/Users/gayuhkautaman/Documents/code/cpp/KIJProject/build-KIJProject-Qt_6_2_2_homebrew/CMakeFiles/CMakeTmp/CMAKE_TRY_COMPILE.build/Debug/cmTC_29c09.build/DerivedSources -F/Users/gayuhkautaman/Documents/code/cpp/KIJProject/build-KIJProject-Qt_6_2_2_homebrew/CMakeFiles/CMakeTmp/Debug -v -Wl,-v -MMD -MT dependencies -MF /Users/gayuhkautaman/Documents/code/cpp/KIJProject/build-KIJProject-Qt_6_2_2_homebrew/CMakeFiles/CMakeTmp/CMAKE_TRY_COMPILE.build/Debug/cmTC_29c09.build/Objects-normal/arm64/CMakeCXXCompilerABI.d --serialize-diagnostics /Users/gayuhkautaman/Documents/code/cpp/KIJProject/build-KIJProject-Qt_6_2_2_homebrew/CMakeFiles/CMakeTmp/CMAKE_TRY_COMPILE.build/Debug/cmTC_29c09.build/Objects-normal/arm64/CMakeCXXCompilerABI.dia -c /Users/gayuhkautaman/Qt/Tools/CMake/CMake.app/Contents/share/cmake-3.21/Modules/CMakeCXXCompilerABI.cpp -o /Users/gayuhkautaman/Documents/code/cpp/KIJProject/build-KIJProject-Qt_6_2_2_homebrew/CMakeFiles/CMakeTmp/CMAKE_TRY_COMPILE.build/Debug/cmTC_29c09.build/Objects-normal/arm64/CMakeCXXCompilerABI.o
Apple clang version 13.0.0 (clang-1300.0.29.30)
Target: arm64-apple-macos12.1
Thread model: posix
InstalledDir: /Applications/Xcode.app/Contents/Developer/Toolchains/XcodeDefault.xctoolchain/usr/bin
clang: warning: -Wl,-v: 'linker' input unused [-Wunused-command-line-argument]
 "/Applications/Xcode.app/Contents/Developer/Toolchains/XcodeDefault.xctoolchain/usr/bin/clang" -cc1 -triple arm64-apple-macosx12.1.0 -Wundef-prefix=TARGET_OS_ -Wdeprecated-objc-isa-usage -Werror=deprecated-objc-isa-usage -Werror=implicit-function-declaration -emit-obj -mrelax-all --mrelax-relocations -disable-free -disable-llvm-verifier -discard-value-names -main-file-name CMakeCXXCompilerABI.cpp -mrelocation-model pic -pic-level 2 -mframe-pointer=non-leaf -fno-strict-return -fno-rounding-math -munwind-tables -target-sdk-version=12.1 -fvisibility-inlines-hidden-static-local-var -target-cpu apple-m1 -target-feature +v8.5a -target-feature +fp-armv8 -target-feature +neon -target-feature +crc -target-feature +crypto -target-feature +dotprod -target-feature +fp16fml -target-feature +ras -target-feature +lse -target-feature +rdm -target-feature +rcpc -target-feature +zcm -target-feature +zcz -target-feature +fullfp16 -target-feature +sm4 -target-feature +sha3 -target-feature +sha2 -target-feature +aes -target-abi darwinpcs -fallow-half-arguments-and-returns -debug-info-kind=standalone -dwarf-version=4 -debugger-tuning=lldb -target-linker-version 711 -v -resource-dir /Applications/Xcode.app/Contents/Developer/Toolchains/XcodeDefault.xctoolchain/usr/lib/clang/13.0.0 -dependency-file /Users/gayuhkautaman/Documents/code/cpp/KIJProject/build-KIJProject-Qt_6_2_2_homebrew/CMakeFiles/CMakeTmp/CMAKE_TRY_COMPILE.build/Debug/cmTC_29c09.build/Objects-normal/arm64/CMakeCXXCompilerABI.d -skip-unused-modulemap-deps -MT dependencies -isysroot /Applications/Xcode.app/Contents/Developer/Platforms/MacOSX.platform/Developer/SDKs/MacOSX12.1.sdk -D "CMAKE_INTDIR=\"Debug\"" -I /Users/gayuhkautaman/Documents/code/cpp/KIJProject/build-KIJProject-Qt_6_2_2_homebrew/CMakeFiles/CMakeTmp/Debug/include -I /Users/gayuhkautaman/Documents/code/cpp/KIJProject/build-KIJProject-Qt_6_2_2_homebrew/CMakeFiles/CMakeTmp/CMAKE_TRY_COMPILE.build/Debug/cmTC_29c09.build/DerivedSources-normal/arm64 -I /Users/gayuhkautaman/Documents/code/cpp/KIJProject/build-KIJProject-Qt_6_2_2_homebrew/CMakeFiles/CMakeTmp/CMAKE_TRY_COMPILE.build/Debug/cmTC_29c09.build/DerivedSources/arm64 -I /Users/gayuhkautaman/Documents/code/cpp/KIJProject/build-KIJProject-Qt_6_2_2_homebrew/CMakeFiles/CMakeTmp/CMAKE_TRY_COMPILE.build/Debug/cmTC_29c09.build/DerivedSources -F/Users/gayuhkautaman/Documents/code/cpp/KIJProject/build-KIJProject-Qt_6_2_2_homebrew/CMakeFiles/CMakeTmp/Debug -stdlib=libc++ -internal-isystem /Applications/Xcode.app/Contents/Developer/Platforms/MacOSX.platform/Developer/SDKs/MacOSX12.1.sdk/usr/include/c++/v1 -internal-isystem /Applications/Xcode.app/Contents/Developer/Platforms/MacOSX.platform/Developer/SDKs/MacOSX12.1.sdk/usr/local/include -internal-isystem /Applications/Xcode.app/Contents/Developer/Toolchains/XcodeDefault.xctoolchain/usr/lib/clang/13.0.0/include -internal-externc-isystem /Applications/Xcode.app/Contents/Developer/Platforms/MacOSX.platform/Developer/SDKs/MacOSX12.1.sdk/usr/include -internal-externc-isystem /Applications/Xcode.app/Contents/Developer/Toolchains/XcodeDefault.xctoolchain/usr/include -O0 -Wno-trigraphs -Wno-missing-field-initializers -Wno-missing-prototypes -Wno-return-type -Wno-non-virtual-dtor -Wno-overloaded-virtual -Wno-exit-time-destructors -Wno-missing-braces -Wparentheses -Wswitch -Wno-unused-function -Wno-unused-label -Wno-unused-parameter -Wno-unused-variable -Wunused-value -Wno-empty-body -Wno-uninitialized -Wno-unknown-pragmas -Wno-shadow -Wno-four-char-constants -Wno-conversion -Wno-constant-conversion -Wno-int-conversion -Wno-bool-conversion -Wno-enum-conversion -Wno-float-conversion -Wno-non-literal-null-conversion -Wno-objc-literal-conversion -Wno-shorten-64-to-32 -Wno-newline-eof -Wno-c++11-extensions -Wdeprecated-declarations -Winvalid-offsetof -Wno-sign-conversion -Wno-infinite-recursion -Wno-move -Wno-comma -Wno-block-capture-autoreleasing -Wno-strict-prototypes -Wno-range-loop-analysis -Wno-semicolon-before-method-body -Wno-reorder-init-list -Wno-implicit-int-float-conversion -Wno-c99-designator -Wno-final-dtor-non-final-class -Wno-extra-semi-stmt -Wno-misleading-indentation -Wno-quoted-include-in-framework-header -Wno-implicit-fallthrough -Wno-enum-enum-conversion -Wno-enum-float-conversion -Wno-elaborated-enum-base -fdeprecated-macro -fdebug-compilation-dir /Users/gayuhkautaman/Documents/code/cpp/KIJProject/build-KIJProject-Qt_6_2_2_homebrew/CMakeFiles/CMakeTmp -ferror-limit 19 -fmacro-backtrace-limit 0 -stack-protector 1 -fstack-check -mdarwin-stkchk-strong-link -fblocks -fencode-extended-block-signature -fregister-global-dtors-with-atexit -fgnuc-version=4.2.1 -fno-cxx-modules -fcxx-exceptions -fexceptions -fpascal-strings -fmax-type-align=16 -fcommon -fdiagnostics-show-note-include-stack -serialize-diagnostic-file /Users/gayuhkautaman/Documents/code/cpp/KIJProject/build-KIJProject-Qt_6_2_2_homebrew/CMakeFiles/CMakeTmp/CMAKE_TRY_COMPILE.build/Debug/cmTC_29c09.build/Objects-normal/arm64/CMakeCXXCompilerABI.dia -clang-vendor-feature=+nullptrToBoolConversion -clang-vendor-feature=+messageToSelfInClassMethodIdReturnType -clang-vendor-feature=+disableInferNewAvailabilityFromInit -clang-vendor-feature=+disableNeonImmediateRangeCheck -clang-vendor-feature=+disableNonDependentMemberExprInCurrentInstantiation -fno-odr-hash-protocols -clang-vendor-feature=+revert09abecef7bbf -mllvm -disable-aligned-alloc-awareness=1 -mllvm -enable-dse-memoryssa=0 -o /Users/gayuhkautaman/Documents/code/cpp/KIJProject/build-KIJProject-Qt_6_2_2_homebrew/CMakeFiles/CMakeTmp/CMAKE_TRY_COMPILE.build/Debug/cmTC_29c09.build/Objects-normal/arm64/CMakeCXXCompilerABI.o -x c++ /Users/gayuhkautaman/Qt/Tools/CMake/CMake.app/Contents/share/cmake-3.21/Modules/CMakeCXXCompilerABI.cpp
clang -cc1 version 13.0.0 (clang-1300.0.29.30) default target arm64-apple-darwin21.2.0
ignoring nonexistent directory "/Users/gayuhkautaman/Documents/code/cpp/KIJProject/build-KIJProject-Qt_6_2_2_homebrew/CMakeFiles/CMakeTmp/Debug/include"
ignoring nonexistent directory "/Users/gayuhkautaman/Documents/code/cpp/KIJProject/build-KIJProject-Qt_6_2_2_homebrew/CMakeFiles/CMakeTmp/CMAKE_TRY_COMPILE.build/Debug/cmTC_29c09.build/DerivedSources-normal/arm64"
ignoring nonexistent directory "/Users/gayuhkautaman/Documents/code/cpp/KIJProject/build-KIJProject-Qt_6_2_2_homebrew/CMakeFiles/CMakeTmp/CMAKE_TRY_COMPILE.build/Debug/cmTC_29c09.build/DerivedSources/arm64"
ignoring nonexistent directory "/Users/gayuhkautaman/Documents/code/cpp/KIJProject/build-KIJProject-Qt_6_2_2_homebrew/CMakeFiles/CMakeTmp/CMAKE_TRY_COMPILE.build/Debug/cmTC_29c09.build/DerivedSources"
ignoring nonexistent directory "/Applications/Xcode.app/Contents/Developer/Platforms/MacOSX.platform/Developer/SDKs/MacOSX12.1.sdk/usr/local/include"
ignoring nonexistent directory "/Applications/Xcode.app/Contents/Developer/Platforms/MacOSX.platform/Developer/SDKs/MacOSX12.1.sdk/Library/Frameworks"
#include "..." search starts here:
#include <...> search starts here:
 /Users/gayuhkautaman/Documents/code/cpp/KIJProject/build-KIJProject-Qt_6_2_2_homebrew/CMakeFiles/CMakeTmp/Debug (framework directory)
 /Applications/Xcode.app/Contents/Developer/Platforms/MacOSX.platform/Developer/SDKs/MacOSX12.1.sdk/usr/include/c++/v1
 /Applications/Xcode.app/Contents/Developer/Toolchains/XcodeDefault.xctoolchain/usr/lib/clang/13.0.0/include
 /Applications/Xcode.app/Contents/Developer/Platforms/MacOSX.platform/Developer/SDKs/MacOSX12.1.sdk/usr/include
 /Applications/Xcode.app/Contents/Developer/Toolchains/XcodeDefault.xctoolchain/usr/include
 /Applications/Xcode.app/Contents/Developer/Platforms/MacOSX.platform/Developer/SDKs/MacOSX12.1.sdk/System/Library/Frameworks (framework directory)
End of search list.

Ld /Users/gayuhkautaman/Documents/code/cpp/KIJProject/build-KIJProject-Qt_6_2_2_homebrew/CMakeFiles/CMakeTmp/Debug/cmTC_29c09 normal (in target 'cmTC_29c09' from project 'CMAKE_TRY_COMPILE')
    cd /Users/gayuhkautaman/Documents/code/cpp/KIJProject/build-KIJProject-Qt_6_2_2_homebrew/CMakeFiles/CMakeTmp
    /Applications/Xcode.app/Contents/Developer/Toolchains/XcodeDefault.xctoolchain/usr/bin/clang++ -target arm64-apple-macos12.1 -isysroot /Applications/Xcode.app/Contents/Developer/Platforms/MacOSX.platform/Developer/SDKs/MacOSX12.1.sdk -L/Users/gayuhkautaman/Documents/code/cpp/KIJProject/build-KIJProject-Qt_6_2_2_homebrew/CMakeFiles/CMakeTmp/Debug -F/Users/gayuhkautaman/Documents/code/cpp/KIJProject/build-KIJProject-Qt_6_2_2_homebrew/CMakeFiles/CMakeTmp/Debug -filelist /Users/gayuhkautaman/Documents/code/cpp/KIJProject/build-KIJProject-Qt_6_2_2_homebrew/CMakeFiles/CMakeTmp/CMAKE_TRY_COMPILE.build/Debug/cmTC_29c09.build/Objects-normal/arm64/cmTC_29c09.LinkFileList -Xlinker -object_path_lto -Xlinker /Users/gayuhkautaman/Documents/code/cpp/KIJProject/build-KIJProject-Qt_6_2_2_homebrew/CMakeFiles/CMakeTmp/CMAKE_TRY_COMPILE.build/Debug/cmTC_29c09.build/Objects-normal/arm64/cmTC_29c09_lto.o -Xlinker -no_deduplicate -v -Wl,-v -Wl,-search_paths_first -Wl,-headerpad_max_install_names -Xlinker -dependency_info -Xlinker /Users/gayuhkautaman/Documents/code/cpp/KIJProject/build-KIJProject-Qt_6_2_2_homebrew/CMakeFiles/CMakeTmp/CMAKE_TRY_COMPILE.build/Debug/cmTC_29c09.build/Objects-normal/arm64/cmTC_29c09_dependency_info.dat -o /Users/gayuhkautaman/Documents/code/cpp/KIJProject/build-KIJProject-Qt_6_2_2_homebrew/CMakeFiles/CMakeTmp/Debug/cmTC_29c09
Apple clang version 13.0.0 (clang-1300.0.29.30)
Target: arm64-apple-macos12.1
Thread model: posix
InstalledDir: /Applications/Xcode.app/Contents/Developer/Toolchains/XcodeDefault.xctoolchain/usr/bin
 "/Applications/Xcode.app/Contents/Developer/Toolchains/XcodeDefault.xctoolchain/usr/bin/ld" -demangle -lto_library /Applications/Xcode.app/Contents/Developer/Toolchains/XcodeDefault.xctoolchain/usr/lib/libLTO.dylib -dynamic -arch arm64 -platform_version macos 12.1.0 12.1 -syslibroot /Applications/Xcode.app/Contents/Developer/Platforms/MacOSX.platform/Developer/SDKs/MacOSX12.1.sdk -o /Users/gayuhkautaman/Documents/code/cpp/KIJProject/build-KIJProject-Qt_6_2_2_homebrew/CMakeFiles/CMakeTmp/Debug/cmTC_29c09 -L/Users/gayuhkautaman/Documents/code/cpp/KIJProject/build-KIJProject-Qt_6_2_2_homebrew/CMakeFiles/CMakeTmp/Debug -filelist /Users/gayuhkautaman/Documents/code/cpp/KIJProject/build-KIJProject-Qt_6_2_2_homebrew/CMakeFiles/CMakeTmp/CMAKE_TRY_COMPILE.build/Debug/cmTC_29c09.build/Objects-normal/arm64/cmTC_29c09.LinkFileList -object_path_lto /Users/gayuhkautaman/Documents/code/cpp/KIJProject/build-KIJProject-Qt_6_2_2_homebrew/CMakeFiles/CMakeTmp/CMAKE_TRY_COMPILE.build/Debug/cmTC_29c09.build/Objects-normal/arm64/cmTC_29c09_lto.o -no_deduplicate -v -search_paths_first -headerpad_max_install_names -dependency_info /Users/gayuhkautaman/Documents/code/cpp/KIJProject/build-KIJProject-Qt_6_2_2_homebrew/CMakeFiles/CMakeTmp/CMAKE_TRY_COMPILE.build/Debug/cmTC_29c09.build/Objects-normal/arm64/cmTC_29c09_dependency_info.dat -lc++ -lSystem /Applications/Xcode.app/Contents/Developer/Toolchains/XcodeDefault.xctoolchain/usr/lib/clang/13.0.0/lib/darwin/libclang_rt.osx.a -F/Users/gayuhkautaman/Documents/code/cpp/KIJProject/build-KIJProject-Qt_6_2_2_homebrew/CMakeFiles/CMakeTmp/Debug
@(#)PROGRAM:ld  PROJECT:ld64-711
BUILD 21:57:24 Nov 17 2021
configured to support archs: armv6 armv7 armv7s arm64 arm64e arm64_32 i386 x86_64 x86_64h armv6m armv7k armv7m armv7em
Library search paths:
	/Users/gayuhkautaman/Documents/code/cpp/KIJProject/build-KIJProject-Qt_6_2_2_homebrew/CMakeFiles/CMakeTmp/Debug
	/Applications/Xcode.app/Contents/Developer/Platforms/MacOSX.platform/Developer/SDKs/MacOSX12.1.sdk/usr/lib
Framework search paths:
	/Users/gayuhkautaman/Documents/code/cpp/KIJProject/build-KIJProject-Qt_6_2_2_homebrew/CMakeFiles/CMakeTmp/Debug
	/Applications/Xcode.app/Contents/Developer/Platforms/MacOSX.platform/Developer/SDKs/MacOSX12.1.sdk/System/Library/Frameworks/

RegisterExecutionPolicyException /Users/gayuhkautaman/Documents/code/cpp/KIJProject/build-KIJProject-Qt_6_2_2_homebrew/CMakeFiles/CMakeTmp/Debug/cmTC_29c09 (in target 'cmTC_29c09' from project 'CMAKE_TRY_COMPILE')
    cd /Users/gayuhkautaman/Documents/code/cpp/KIJProject/build-KIJProject-Qt_6_2_2_homebrew/CMakeFiles/CMakeTmp
    builtin-RegisterExecutionPolicyException /Users/gayuhkautaman/Documents/code/cpp/KIJProject/build-KIJProject-Qt_6_2_2_homebrew/CMakeFiles/CMakeTmp/Debug/cmTC_29c09

** BUILD SUCCEEDED **




Parsed CXX implicit include dir info from above output: rv=done
  found start of include info
  found start of implicit include info
    add: [/Applications/Xcode.app/Contents/Developer/Platforms/MacOSX.platform/Developer/SDKs/MacOSX12.1.sdk/usr/include/c++/v1]
    add: [/Applications/Xcode.app/Contents/Developer/Toolchains/XcodeDefault.xctoolchain/usr/lib/clang/13.0.0/include]
    add: [/Applications/Xcode.app/Contents/Developer/Platforms/MacOSX.platform/Developer/SDKs/MacOSX12.1.sdk/usr/include]
    add: [/Applications/Xcode.app/Contents/Developer/Toolchains/XcodeDefault.xctoolchain/usr/include]
  end of search list found
  collapse include dir [/Applications/Xcode.app/Contents/Developer/Platforms/MacOSX.platform/Developer/SDKs/MacOSX12.1.sdk/usr/include/c++/v1] ==> [/Applications/Xcode.app/Contents/Developer/Platforms/MacOSX.platform/Developer/SDKs/MacOSX12.1.sdk/usr/include/c++/v1]
  collapse include dir [/Applications/Xcode.app/Contents/Developer/Toolchains/XcodeDefault.xctoolchain/usr/lib/clang/13.0.0/include] ==> [/Applications/Xcode.app/Contents/Developer/Toolchains/XcodeDefault.xctoolchain/usr/lib/clang/13.0.0/include]
  collapse include dir [/Applications/Xcode.app/Contents/Developer/Platforms/MacOSX.platform/Developer/SDKs/MacOSX12.1.sdk/usr/include] ==> [/Applications/Xcode.app/Contents/Developer/Platforms/MacOSX.platform/Developer/SDKs/MacOSX12.1.sdk/usr/include]
  collapse include dir [/Applications/Xcode.app/Contents/Developer/Toolchains/XcodeDefault.xctoolchain/usr/include] ==> [/Applications/Xcode.app/Contents/Developer/Toolchains/XcodeDefault.xctoolchain/usr/include]
  implicit include dirs: [/Applications/Xcode.app/Contents/Developer/Platforms/MacOSX.platform/Developer/SDKs/MacOSX12.1.sdk/usr/include/c++/v1;/Applications/Xcode.app/Contents/Developer/Toolchains/XcodeDefault.xctoolchain/usr/lib/clang/13.0.0/include;/Applications/Xcode.app/Contents/Developer/Platforms/MacOSX.platform/Developer/SDKs/MacOSX12.1.sdk/usr/include;/Applications/Xcode.app/Contents/Developer/Toolchains/XcodeDefault.xctoolchain/usr/include]


Parsed CXX implicit link information from above output:
  link line regex: [^( *|.*[/\])(ld|CMAKE_LINK_STARTFILE-NOTFOUND|([^/\]+-)?ld|collect2)[^/\]*( |$)]
  ignore line: [Change Dir: /Users/gayuhkautaman/Documents/code/cpp/KIJProject/build-KIJProject-Qt_6_2_2_homebrew/CMakeFiles/CMakeTmp]
  ignore line: []
  ignore line: [Run Build Command(s):/usr/bin/xcodebuild -project CMAKE_TRY_COMPILE.xcodeproj build -target cmTC_29c09 -parallelizeTargets -configuration Debug -hideShellScriptEnvironment && objc[13380]: Class AMSupportURLConnectionDelegate is implemented in both /usr/lib/libauthinstall.dylib (0x1da66eb90) and /Library/Apple/System/Library/PrivateFrameworks/MobileDevice.framework/Versions/A/MobileDevice (0x10655c2c8). One of the two will be used. Which one is undefined.]
  ignore line: [objc[13380]: Class AMSupportURLSession is implemented in both /usr/lib/libauthinstall.dylib (0x1da66ebe0) and /Library/Apple/System/Library/PrivateFrameworks/MobileDevice.framework/Versions/A/MobileDevice (0x10655c318). One of the two will be used. Which one is undefined.]
  ignore line: [Command line invocation:]
  ignore line: [    /Applications/Xcode.app/Contents/Developer/usr/bin/xcodebuild -project CMAKE_TRY_COMPILE.xcodeproj build -target cmTC_29c09 -parallelizeTargets -configuration Debug -hideShellScriptEnvironment]
  ignore line: []
  ignore line: [User defaults from command line:]
  ignore line: [    HideShellScriptEnvironment = YES]
  ignore line: [    IDEPackageSupportUseBuiltinSCM = YES]
  ignore line: []
  ignore line: [note: Using new build system]
  ignore line: [note: Planning]
  ignore line: [Analyze workspace]
  ignore line: []
  ignore line: [Create build description]
  ignore line: [Build description signature: 3631996c1b6068fee1fcd1ba0f5ca54a]
  ignore line: [Build description path: /Users/gayuhkautaman/Documents/code/cpp/KIJProject/build-KIJProject-Qt_6_2_2_homebrew/CMakeFiles/CMakeTmp/build/XCBuildData/3631996c1b6068fee1fcd1ba0f5ca54a-desc.xcbuild]
  ignore line: []
  ignore line: [note: Build preparation complete]
  ignore line: [note: Building targets in dependency order]
  ignore line: [CreateBuildDirectory /Users/gayuhkautaman/Documents/code/cpp/KIJProject/build-KIJProject-Qt_6_2_2_homebrew/CMakeFiles/CMakeTmp]
  ignore line: [    cd /Users/gayuhkautaman/Documents/code/cpp/KIJProject/build-KIJProject-Qt_6_2_2_homebrew/CMakeFiles/CMakeTmp/CMAKE_TRY_COMPILE.xcodeproj]
  ignore line: [    builtin-create-build-directory /Users/gayuhkautaman/Documents/code/cpp/KIJProject/build-KIJProject-Qt_6_2_2_homebrew/CMakeFiles/CMakeTmp]
  ignore line: []
  ignore line: [CreateBuildDirectory /Users/gayuhkautaman/Documents/code/cpp/KIJProject/build-KIJProject-Qt_6_2_2_homebrew/CMakeFiles/CMakeTmp/Debug]
  ignore line: [    cd /Users/gayuhkautaman/Documents/code/cpp/KIJProject/build-KIJProject-Qt_6_2_2_homebrew/CMakeFiles/CMakeTmp/CMAKE_TRY_COMPILE.xcodeproj]
  ignore line: [    builtin-create-build-directory /Users/gayuhkautaman/Documents/code/cpp/KIJProject/build-KIJProject-Qt_6_2_2_homebrew/CMakeFiles/CMakeTmp/Debug]
  ignore line: []
  ignore line: [WriteAuxiliaryFile /Users/gayuhkautaman/Documents/code/cpp/KIJProject/build-KIJProject-Qt_6_2_2_homebrew/CMakeFiles/CMakeTmp/CMAKE_TRY_COMPILE.build/Debug/cmTC_29c09.build/Objects-normal/arm64/cmTC_29c09.LinkFileList (in target 'cmTC_29c09' from project 'CMAKE_TRY_COMPILE')]
  ignore line: [    cd /Users/gayuhkautaman/Documents/code/cpp/KIJProject/build-KIJProject-Qt_6_2_2_homebrew/CMakeFiles/CMakeTmp]
  ignore line: [    write-file /Users/gayuhkautaman/Documents/code/cpp/KIJProject/build-KIJProject-Qt_6_2_2_homebrew/CMakeFiles/CMakeTmp/CMAKE_TRY_COMPILE.build/Debug/cmTC_29c09.build/Objects-normal/arm64/cmTC_29c09.LinkFileList]
  ignore line: []
  ignore line: [CompileC /Users/gayuhkautaman/Documents/code/cpp/KIJProject/build-KIJProject-Qt_6_2_2_homebrew/CMakeFiles/CMakeTmp/CMAKE_TRY_COMPILE.build/Debug/cmTC_29c09.build/Objects-normal/arm64/CMakeCXXCompilerABI.o /Users/gayuhkautaman/Qt/Tools/CMake/CMake.app/Contents/share/cmake-3.21/Modules/CMakeCXXCompilerABI.cpp normal arm64 c++ com.apple.compilers.llvm.clang.1_0.compiler (in target 'cmTC_29c09' from project 'CMAKE_TRY_COMPILE')]
  ignore line: [    cd /Users/gayuhkautaman/Documents/code/cpp/KIJProject/build-KIJProject-Qt_6_2_2_homebrew/CMakeFiles/CMakeTmp]
  ignore line: [    /Applications/Xcode.app/Contents/Developer/Toolchains/XcodeDefault.xctoolchain/usr/bin/clang -x c++ -target arm64-apple-macos12.1 -fmessage-length\=0 -fdiagnostics-show-note-include-stack -fmacro-backtrace-limit\=0 -Wno-trigraphs -fpascal-strings -O0 -Wno-missing-field-initializers -Wno-missing-prototypes -Wno-return-type -Wno-non-virtual-dtor -Wno-overloaded-virtual -Wno-exit-time-destructors -Wno-missing-braces -Wparentheses -Wswitch -Wno-unused-function -Wno-unused-label -Wno-unused-parameter -Wno-unused-variable -Wunused-value -Wno-empty-body -Wno-uninitialized -Wno-unknown-pragmas -Wno-shadow -Wno-four-char-constants -Wno-conversion -Wno-constant-conversion -Wno-int-conversion -Wno-bool-conversion -Wno-enum-conversion -Wno-float-conversion -Wno-non-literal-null-conversion -Wno-objc-literal-conversion -Wno-shorten-64-to-32 -Wno-newline-eof -Wno-c++11-extensions -DCMAKE_INTDIR\=\"Debug\" -isysroot /Applications/Xcode.app/Contents/Developer/Platforms/MacOSX.platform/Developer/SDKs/MacOSX12.1.sdk -fstrict-aliasing -Wdeprecated-declarations -Winvalid-offsetof -g -Wno-sign-conversion -Wno-infinite-recursion -Wno-move -Wno-comma -Wno-block-capture-autoreleasing -Wno-strict-prototypes -Wno-range-loop-analysis -Wno-semicolon-before-method-body -I/Users/gayuhkautaman/Documents/code/cpp/KIJProject/build-KIJProject-Qt_6_2_2_homebrew/CMakeFiles/CMakeTmp/Debug/include -I/Users/gayuhkautaman/Documents/code/cpp/KIJProject/build-KIJProject-Qt_6_2_2_homebrew/CMakeFiles/CMakeTmp/CMAKE_TRY_COMPILE.build/Debug/cmTC_29c09.build/DerivedSources-normal/arm64 -I/Users/gayuhkautaman/Documents/code/cpp/KIJProject/build-KIJProject-Qt_6_2_2_homebrew/CMakeFiles/CMakeTmp/CMAKE_TRY_COMPILE.build/Debug/cmTC_29c09.build/DerivedSources/arm64 -I/Users/gayuhkautaman/Documents/code/cpp/KIJProject/build-KIJProject-Qt_6_2_2_homebrew/CMakeFiles/CMakeTmp/CMAKE_TRY_COMPILE.build/Debug/cmTC_29c09.build/DerivedSources -F/Users/gayuhkautaman/Documents/code/cpp/KIJProject/build-KIJProject-Qt_6_2_2_homebrew/CMakeFiles/CMakeTmp/Debug -v -Wl -v -MMD -MT dependencies -MF /Users/gayuhkautaman/Documents/code/cpp/KIJProject/build-KIJProject-Qt_6_2_2_homebrew/CMakeFiles/CMakeTmp/CMAKE_TRY_COMPILE.build/Debug/cmTC_29c09.build/Objects-normal/arm64/CMakeCXXCompilerABI.d --serialize-diagnostics /Users/gayuhkautaman/Documents/code/cpp/KIJProject/build-KIJProject-Qt_6_2_2_homebrew/CMakeFiles/CMakeTmp/CMAKE_TRY_COMPILE.build/Debug/cmTC_29c09.build/Objects-normal/arm64/CMakeCXXCompilerABI.dia -c /Users/gayuhkautaman/Qt/Tools/CMake/CMake.app/Contents/share/cmake-3.21/Modules/CMakeCXXCompilerABI.cpp -o /Users/gayuhkautaman/Documents/code/cpp/KIJProject/build-KIJProject-Qt_6_2_2_homebrew/CMakeFiles/CMakeTmp/CMAKE_TRY_COMPILE.build/Debug/cmTC_29c09.build/Objects-normal/arm64/CMakeCXXCompilerABI.o]
  ignore line: [Apple clang version 13.0.0 (clang-1300.0.29.30)]
  ignore line: [Target: arm64-apple-macos12.1]
  ignore line: [Thread model: posix]
  ignore line: [InstalledDir: /Applications/Xcode.app/Contents/Developer/Toolchains/XcodeDefault.xctoolchain/usr/bin]
  ignore line: [clang: warning: -Wl -v: 'linker' input unused [-Wunused-command-line-argument]]
  ignore line: [ "/Applications/Xcode.app/Contents/Developer/Toolchains/XcodeDefault.xctoolchain/usr/bin/clang" -cc1 -triple arm64-apple-macosx12.1.0 -Wundef-prefix=TARGET_OS_ -Wdeprecated-objc-isa-usage -Werror=deprecated-objc-isa-usage -Werror=implicit-function-declaration -emit-obj -mrelax-all --mrelax-relocations -disable-free -disable-llvm-verifier -discard-value-names -main-file-name CMakeCXXCompilerABI.cpp -mrelocation-model pic -pic-level 2 -mframe-pointer=non-leaf -fno-strict-return -fno-rounding-math -munwind-tables -target-sdk-version=12.1 -fvisibility-inlines-hidden-static-local-var -target-cpu apple-m1 -target-feature +v8.5a -target-feature +fp-armv8 -target-feature +neon -target-feature +crc -target-feature +crypto -target-feature +dotprod -target-feature +fp16fml -target-feature +ras -target-feature +lse -target-feature +rdm -target-feature +rcpc -target-feature +zcm -target-feature +zcz -target-feature +fullfp16 -target-feature +sm4 -target-feature +sha3 -target-feature +sha2 -target-feature +aes -target-abi darwinpcs -fallow-half-arguments-and-returns -debug-info-kind=standalone -dwarf-version=4 -debugger-tuning=lldb -target-linker-version 711 -v -resource-dir /Applications/Xcode.app/Contents/Developer/Toolchains/XcodeDefault.xctoolchain/usr/lib/clang/13.0.0 -dependency-file /Users/gayuhkautaman/Documents/code/cpp/KIJProject/build-KIJProject-Qt_6_2_2_homebrew/CMakeFiles/CMakeTmp/CMAKE_TRY_COMPILE.build/Debug/cmTC_29c09.build/Objects-normal/arm64/CMakeCXXCompilerABI.d -skip-unused-modulemap-deps -MT dependencies -isysroot /Applications/Xcode.app/Contents/Developer/Platforms/MacOSX.platform/Developer/SDKs/MacOSX12.1.sdk -D "CMAKE_INTDIR=\"Debug\"" -I /Users/gayuhkautaman/Documents/code/cpp/KIJProject/build-KIJProject-Qt_6_2_2_homebrew/CMakeFiles/CMakeTmp/Debug/include -I /Users/gayuhkautaman/Documents/code/cpp/KIJProject/build-KIJProject-Qt_6_2_2_homebrew/CMakeFiles/CMakeTmp/CMAKE_TRY_COMPILE.build/Debug/cmTC_29c09.build/DerivedSources-normal/arm64 -I /Users/gayuhkautaman/Documents/code/cpp/KIJProject/build-KIJProject-Qt_6_2_2_homebrew/CMakeFiles/CMakeTmp/CMAKE_TRY_COMPILE.build/Debug/cmTC_29c09.build/DerivedSources/arm64 -I /Users/gayuhkautaman/Documents/code/cpp/KIJProject/build-KIJProject-Qt_6_2_2_homebrew/CMakeFiles/CMakeTmp/CMAKE_TRY_COMPILE.build/Debug/cmTC_29c09.build/DerivedSources -F/Users/gayuhkautaman/Documents/code/cpp/KIJProject/build-KIJProject-Qt_6_2_2_homebrew/CMakeFiles/CMakeTmp/Debug -stdlib=libc++ -internal-isystem /Applications/Xcode.app/Contents/Developer/Platforms/MacOSX.platform/Developer/SDKs/MacOSX12.1.sdk/usr/include/c++/v1 -internal-isystem /Applications/Xcode.app/Contents/Developer/Platforms/MacOSX.platform/Developer/SDKs/MacOSX12.1.sdk/usr/local/include -internal-isystem /Applications/Xcode.app/Contents/Developer/Toolchains/XcodeDefault.xctoolchain/usr/lib/clang/13.0.0/include -internal-externc-isystem /Applications/Xcode.app/Contents/Developer/Platforms/MacOSX.platform/Developer/SDKs/MacOSX12.1.sdk/usr/include -internal-externc-isystem /Applications/Xcode.app/Contents/Developer/Toolchains/XcodeDefault.xctoolchain/usr/include -O0 -Wno-trigraphs -Wno-missing-field-initializers -Wno-missing-prototypes -Wno-return-type -Wno-non-virtual-dtor -Wno-overloaded-virtual -Wno-exit-time-destructors -Wno-missing-braces -Wparentheses -Wswitch -Wno-unused-function -Wno-unused-label -Wno-unused-parameter -Wno-unused-variable -Wunused-value -Wno-empty-body -Wno-uninitialized -Wno-unknown-pragmas -Wno-shadow -Wno-four-char-constants -Wno-conversion -Wno-constant-conversion -Wno-int-conversion -Wno-bool-conversion -Wno-enum-conversion -Wno-float-conversion -Wno-non-literal-null-conversion -Wno-objc-literal-conversion -Wno-shorten-64-to-32 -Wno-newline-eof -Wno-c++11-extensions -Wdeprecated-declarations -Winvalid-offsetof -Wno-sign-conversion -Wno-infinite-recursion -Wno-move -Wno-comma -Wno-block-capture-autoreleasing -Wno-strict-prototypes -Wno-range-loop-analysis -Wno-semicolon-before-method-body -Wno-reorder-init-list -Wno-implicit-int-float-conversion -Wno-c99-designator -Wno-final-dtor-non-final-class -Wno-extra-semi-stmt -Wno-misleading-indentation -Wno-quoted-include-in-framework-header -Wno-implicit-fallthrough -Wno-enum-enum-conversion -Wno-enum-float-conversion -Wno-elaborated-enum-base -fdeprecated-macro -fdebug-compilation-dir /Users/gayuhkautaman/Documents/code/cpp/KIJProject/build-KIJProject-Qt_6_2_2_homebrew/CMakeFiles/CMakeTmp -ferror-limit 19 -fmacro-backtrace-limit 0 -stack-protector 1 -fstack-check -mdarwin-stkchk-strong-link -fblocks -fencode-extended-block-signature -fregister-global-dtors-with-atexit -fgnuc-version=4.2.1 -fno-cxx-modules -fcxx-exceptions -fexceptions -fpascal-strings -fmax-type-align=16 -fcommon -fdiagnostics-show-note-include-stack -serialize-diagnostic-file /Users/gayuhkautaman/Documents/code/cpp/KIJProject/build-KIJProject-Qt_6_2_2_homebrew/CMakeFiles/CMakeTmp/CMAKE_TRY_COMPILE.build/Debug/cmTC_29c09.build/Objects-normal/arm64/CMakeCXXCompilerABI.dia -clang-vendor-feature=+nullptrToBoolConversion -clang-vendor-feature=+messageToSelfInClassMethodIdReturnType -clang-vendor-feature=+disableInferNewAvailabilityFromInit -clang-vendor-feature=+disableNeonImmediateRangeCheck -clang-vendor-feature=+disableNonDependentMemberExprInCurrentInstantiation -fno-odr-hash-protocols -clang-vendor-feature=+revert09abecef7bbf -mllvm -disable-aligned-alloc-awareness=1 -mllvm -enable-dse-memoryssa=0 -o /Users/gayuhkautaman/Documents/code/cpp/KIJProject/build-KIJProject-Qt_6_2_2_homebrew/CMakeFiles/CMakeTmp/CMAKE_TRY_COMPILE.build/Debug/cmTC_29c09.build/Objects-normal/arm64/CMakeCXXCompilerABI.o -x c++ /Users/gayuhkautaman/Qt/Tools/CMake/CMake.app/Contents/share/cmake-3.21/Modules/CMakeCXXCompilerABI.cpp]
  ignore line: [clang -cc1 version 13.0.0 (clang-1300.0.29.30) default target arm64-apple-darwin21.2.0]
  ignore line: [ignoring nonexistent directory "/Users/gayuhkautaman/Documents/code/cpp/KIJProject/build-KIJProject-Qt_6_2_2_homebrew/CMakeFiles/CMakeTmp/Debug/include"]
  ignore line: [ignoring nonexistent directory "/Users/gayuhkautaman/Documents/code/cpp/KIJProject/build-KIJProject-Qt_6_2_2_homebrew/CMakeFiles/CMakeTmp/CMAKE_TRY_COMPILE.build/Debug/cmTC_29c09.build/DerivedSources-normal/arm64"]
  ignore line: [ignoring nonexistent directory "/Users/gayuhkautaman/Documents/code/cpp/KIJProject/build-KIJProject-Qt_6_2_2_homebrew/CMakeFiles/CMakeTmp/CMAKE_TRY_COMPILE.build/Debug/cmTC_29c09.build/DerivedSources/arm64"]
  ignore line: [ignoring nonexistent directory "/Users/gayuhkautaman/Documents/code/cpp/KIJProject/build-KIJProject-Qt_6_2_2_homebrew/CMakeFiles/CMakeTmp/CMAKE_TRY_COMPILE.build/Debug/cmTC_29c09.build/DerivedSources"]
  ignore line: [ignoring nonexistent directory "/Applications/Xcode.app/Contents/Developer/Platforms/MacOSX.platform/Developer/SDKs/MacOSX12.1.sdk/usr/local/include"]
  ignore line: [ignoring nonexistent directory "/Applications/Xcode.app/Contents/Developer/Platforms/MacOSX.platform/Developer/SDKs/MacOSX12.1.sdk/Library/Frameworks"]
  ignore line: [#include "..." search starts here:]
  ignore line: [#include <...> search starts here:]
  ignore line: [ /Users/gayuhkautaman/Documents/code/cpp/KIJProject/build-KIJProject-Qt_6_2_2_homebrew/CMakeFiles/CMakeTmp/Debug (framework directory)]
  ignore line: [ /Applications/Xcode.app/Contents/Developer/Platforms/MacOSX.platform/Developer/SDKs/MacOSX12.1.sdk/usr/include/c++/v1]
  ignore line: [ /Applications/Xcode.app/Contents/Developer/Toolchains/XcodeDefault.xctoolchain/usr/lib/clang/13.0.0/include]
  ignore line: [ /Applications/Xcode.app/Contents/Developer/Platforms/MacOSX.platform/Developer/SDKs/MacOSX12.1.sdk/usr/include]
  ignore line: [ /Applications/Xcode.app/Contents/Developer/Toolchains/XcodeDefault.xctoolchain/usr/include]
  ignore line: [ /Applications/Xcode.app/Contents/Developer/Platforms/MacOSX.platform/Developer/SDKs/MacOSX12.1.sdk/System/Library/Frameworks (framework directory)]
  ignore line: [End of search list.]
  ignore line: []
  ignore line: [Ld /Users/gayuhkautaman/Documents/code/cpp/KIJProject/build-KIJProject-Qt_6_2_2_homebrew/CMakeFiles/CMakeTmp/Debug/cmTC_29c09 normal (in target 'cmTC_29c09' from project 'CMAKE_TRY_COMPILE')]
  ignore line: [    cd /Users/gayuhkautaman/Documents/code/cpp/KIJProject/build-KIJProject-Qt_6_2_2_homebrew/CMakeFiles/CMakeTmp]
  ignore line: [    /Applications/Xcode.app/Contents/Developer/Toolchains/XcodeDefault.xctoolchain/usr/bin/clang++ -target arm64-apple-macos12.1 -isysroot /Applications/Xcode.app/Contents/Developer/Platforms/MacOSX.platform/Developer/SDKs/MacOSX12.1.sdk -L/Users/gayuhkautaman/Documents/code/cpp/KIJProject/build-KIJProject-Qt_6_2_2_homebrew/CMakeFiles/CMakeTmp/Debug -F/Users/gayuhkautaman/Documents/code/cpp/KIJProject/build-KIJProject-Qt_6_2_2_homebrew/CMakeFiles/CMakeTmp/Debug -filelist /Users/gayuhkautaman/Documents/code/cpp/KIJProject/build-KIJProject-Qt_6_2_2_homebrew/CMakeFiles/CMakeTmp/CMAKE_TRY_COMPILE.build/Debug/cmTC_29c09.build/Objects-normal/arm64/cmTC_29c09.LinkFileList -Xlinker -object_path_lto -Xlinker /Users/gayuhkautaman/Documents/code/cpp/KIJProject/build-KIJProject-Qt_6_2_2_homebrew/CMakeFiles/CMakeTmp/CMAKE_TRY_COMPILE.build/Debug/cmTC_29c09.build/Objects-normal/arm64/cmTC_29c09_lto.o -Xlinker -no_deduplicate -v -Wl -v -Wl -search_paths_first -Wl -headerpad_max_install_names -Xlinker -dependency_info -Xlinker /Users/gayuhkautaman/Documents/code/cpp/KIJProject/build-KIJProject-Qt_6_2_2_homebrew/CMakeFiles/CMakeTmp/CMAKE_TRY_COMPILE.build/Debug/cmTC_29c09.build/Objects-normal/arm64/cmTC_29c09_dependency_info.dat -o /Users/gayuhkautaman/Documents/code/cpp/KIJProject/build-KIJProject-Qt_6_2_2_homebrew/CMakeFiles/CMakeTmp/Debug/cmTC_29c09]
  ignore line: [Apple clang version 13.0.0 (clang-1300.0.29.30)]
  ignore line: [Target: arm64-apple-macos12.1]
  ignore line: [Thread model: posix]
  ignore line: [InstalledDir: /Applications/Xcode.app/Contents/Developer/Toolchains/XcodeDefault.xctoolchain/usr/bin]
  reduced line: [ "/Applications/Xcode.app/Contents/Developer/Toolchains/XcodeDefault.xctoolchain/usr/bin/ld" -demangle -lto_library /Applications/Xcode.app/Contents/Developer/Toolchains/XcodeDefault.xctoolchain/usr/lib/libLTO.dylib -dynamic -arch arm64 -platform_version macos 12.1.0 12.1 -syslibroot /Applications/Xcode.app/Contents/Developer/Platforms/MacOSX.platform/Developer/SDKs/MacOSX12.1.sdk -o /Users/gayuhkautaman/Documents/code/cpp/KIJProject/build-KIJProject-Qt_6_2_2_homebrew/CMakeFiles/CMakeTmp/Debug/cmTC_29c09 -L/Users/gayuhkautaman/Documents/code/cpp/KIJProject/build-KIJProject-Qt_6_2_2_homebrew/CMakeFiles/CMakeTmp/Debug -filelist /Users/gayuhkautaman/Documents/code/cpp/KIJProject/build-KIJProject-Qt_6_2_2_homebrew/CMakeFiles/CMakeTmp/CMAKE_TRY_COMPILE.build/Debug/cmTC_29c09.build/Objects-normal/arm64/cmTC_29c09.LinkFileList -object_path_lto /Users/gayuhkautaman/Documents/code/cpp/KIJProject/build-KIJProject-Qt_6_2_2_homebrew/CMakeFiles/CMakeTmp/CMAKE_TRY_COMPILE.build/Debug/cmTC_29c09.build/Objects-normal/arm64/cmTC_29c09_lto.o -no_deduplicate -v -search_paths_first -headerpad_max_install_names -dependency_info /Users/gayuhkautaman/Documents/code/cpp/KIJProject/build-KIJProject-Qt_6_2_2_homebrew/CMakeFiles/CMakeTmp/CMAKE_TRY_COMPILE.build/Debug/cmTC_29c09.build/Objects-normal/arm64/cmTC_29c09_dependency_info.dat -lc++ -lSystem /Applications/Xcode.app/Contents/Developer/Toolchains/XcodeDefault.xctoolchain/usr/lib/clang/13.0.0/lib/darwin/libclang_rt.osx.a -F/Users/gayuhkautaman/Documents/code/cpp/KIJProject/build-KIJProject-Qt_6_2_2_homebrew/CMakeFiles/CMakeTmp/Debug]
            to: [ "/Applications/Xcode.app/Contents/Developer/Toolchains/XcodeDefault.xctoolchain/usr/bin/ld" -demangle -lto_library /Applications/Xcode.app/Contents/Developer/Toolchains/XcodeDefault.xctoolchain/usr/lib/libLTO.dylib -dynamic -arch arm64 -platform_version macos 12.1.0 12.1 -syslibroot /Applications/Xcode.app/Contents/Developer/Platforms/MacOSX.platform/Developer/SDKs/MacOSX12.1.sdk -o /Users/gayuhkautaman/Documents/code/cpp/KIJProject/build-KIJProject-Qt_6_2_2_homebrew/CMakeFiles/CMakeTmp/Debug/cmTC_29c09 -filelist /Users/gayuhkautaman/Documents/code/cpp/KIJProject/build-KIJProject-Qt_6_2_2_homebrew/CMakeFiles/CMakeTmp/CMAKE_TRY_COMPILE.build/Debug/cmTC_29c09.build/Objects-normal/arm64/cmTC_29c09.LinkFileList -object_path_lto /Users/gayuhkautaman/Documents/code/cpp/KIJProject/build-KIJProject-Qt_6_2_2_homebrew/CMakeFiles/CMakeTmp/CMAKE_TRY_COMPILE.build/Debug/cmTC_29c09.build/Objects-normal/arm64/cmTC_29c09_lto.o -no_deduplicate -v -search_paths_first -headerpad_max_install_names -dependency_info /Users/gayuhkautaman/Documents/code/cpp/KIJProject/build-KIJProject-Qt_6_2_2_homebrew/CMakeFiles/CMakeTmp/CMAKE_TRY_COMPILE.build/Debug/cmTC_29c09.build/Objects-normal/arm64/cmTC_29c09_dependency_info.dat -lc++ -lSystem /Applications/Xcode.app/Contents/Developer/Toolchains/XcodeDefault.xctoolchain/usr/lib/clang/13.0.0/lib/darwin/libclang_rt.osx.a ]
  link line: [ "/Applications/Xcode.app/Contents/Developer/Toolchains/XcodeDefault.xctoolchain/usr/bin/ld" -demangle -lto_library /Applications/Xcode.app/Contents/Developer/Toolchains/XcodeDefault.xctoolchain/usr/lib/libLTO.dylib -dynamic -arch arm64 -platform_version macos 12.1.0 12.1 -syslibroot /Applications/Xcode.app/Contents/Developer/Platforms/MacOSX.platform/Developer/SDKs/MacOSX12.1.sdk -o /Users/gayuhkautaman/Documents/code/cpp/KIJProject/build-KIJProject-Qt_6_2_2_homebrew/CMakeFiles/CMakeTmp/Debug/cmTC_29c09 -filelist /Users/gayuhkautaman/Documents/code/cpp/KIJProject/build-KIJProject-Qt_6_2_2_homebrew/CMakeFiles/CMakeTmp/CMAKE_TRY_COMPILE.build/Debug/cmTC_29c09.build/Objects-normal/arm64/cmTC_29c09.LinkFileList -object_path_lto /Users/gayuhkautaman/Documents/code/cpp/KIJProject/build-KIJProject-Qt_6_2_2_homebrew/CMakeFiles/CMakeTmp/CMAKE_TRY_COMPILE.build/Debug/cmTC_29c09.build/Objects-normal/arm64/cmTC_29c09_lto.o -no_deduplicate -v -search_paths_first -headerpad_max_install_names -dependency_info /Users/gayuhkautaman/Documents/code/cpp/KIJProject/build-KIJProject-Qt_6_2_2_homebrew/CMakeFiles/CMakeTmp/CMAKE_TRY_COMPILE.build/Debug/cmTC_29c09.build/Objects-normal/arm64/cmTC_29c09_dependency_info.dat -lc++ -lSystem /Applications/Xcode.app/Contents/Developer/Toolchains/XcodeDefault.xctoolchain/usr/lib/clang/13.0.0/lib/darwin/libclang_rt.osx.a ]
    arg [/Applications/Xcode.app/Contents/Developer/Toolchains/XcodeDefault.xctoolchain/usr/bin/ld] ==> ignore
    arg [-demangle] ==> ignore
    arg [-lto_library] ==> ignore, skip following value
    arg [/Applications/Xcode.app/Contents/Developer/Toolchains/XcodeDefault.xctoolchain/usr/lib/libLTO.dylib] ==> skip value of -lto_library
    arg [-dynamic] ==> ignore
    arg [-arch] ==> ignore
    arg [arm64] ==> ignore
    arg [-platform_version] ==> ignore
    arg [macos] ==> ignore
    arg [12.1.0] ==> ignore
    arg [12.1] ==> ignore
    arg [-syslibroot] ==> ignore
    arg [/Applications/Xcode.app/Contents/Developer/Platforms/MacOSX.platform/Developer/SDKs/MacOSX12.1.sdk] ==> ignore
    arg [-o] ==> ignore
    arg [/Users/gayuhkautaman/Documents/code/cpp/KIJProject/build-KIJProject-Qt_6_2_2_homebrew/CMakeFiles/CMakeTmp/Debug/cmTC_29c09] ==> ignore
    arg [-filelist] ==> ignore
    arg [/Users/gayuhkautaman/Documents/code/cpp/KIJProject/build-KIJProject-Qt_6_2_2_homebrew/CMakeFiles/CMakeTmp/CMAKE_TRY_COMPILE.build/Debug/cmTC_29c09.build/Objects-normal/arm64/cmTC_29c09.LinkFileList] ==> ignore
    arg [-object_path_lto] ==> ignore
    arg [/Users/gayuhkautaman/Documents/code/cpp/KIJProject/build-KIJProject-Qt_6_2_2_homebrew/CMakeFiles/CMakeTmp/CMAKE_TRY_COMPILE.build/Debug/cmTC_29c09.build/Objects-normal/arm64/cmTC_29c09_lto.o] ==> obj [/Users/gayuhkautaman/Documents/code/cpp/KIJProject/build-KIJProject-Qt_6_2_2_homebrew/CMakeFiles/CMakeTmp/CMAKE_TRY_COMPILE.build/Debug/cmTC_29c09.build/Objects-normal/arm64/cmTC_29c09_lto.o]
    arg [-no_deduplicate] ==> ignore
    arg [-v] ==> ignore
    arg [-search_paths_first] ==> ignore
    arg [-headerpad_max_install_names] ==> ignore
    arg [-dependency_info] ==> ignore
    arg [/Users/gayuhkautaman/Documents/code/cpp/KIJProject/build-KIJProject-Qt_6_2_2_homebrew/CMakeFiles/CMakeTmp/CMAKE_TRY_COMPILE.build/Debug/cmTC_29c09.build/Objects-normal/arm64/cmTC_29c09_dependency_info.dat] ==> ignore
    arg [-lc++] ==> lib [c++]
    arg [-lSystem] ==> lib [System]
    arg [/Applications/Xcode.app/Contents/Developer/Toolchains/XcodeDefault.xctoolchain/usr/lib/clang/13.0.0/lib/darwin/libclang_rt.osx.a] ==> lib [/Applications/Xcode.app/Contents/Developer/Toolchains/XcodeDefault.xctoolchain/usr/lib/clang/13.0.0/lib/darwin/libclang_rt.osx.a]
  Library search paths: [;/Users/gayuhkautaman/Documents/code/cpp/KIJProject/build-KIJProject-Qt_6_2_2_homebrew/CMakeFiles/CMakeTmp/Debug;/Applications/Xcode.app/Contents/Developer/Platforms/MacOSX.platform/Developer/SDKs/MacOSX12.1.sdk/usr/lib]
  Framework search paths: [;/Users/gayuhkautaman/Documents/code/cpp/KIJProject/build-KIJProject-Qt_6_2_2_homebrew/CMakeFiles/CMakeTmp/Debug;/Applications/Xcode.app/Contents/Developer/Platforms/MacOSX.platform/Developer/SDKs/MacOSX12.1.sdk/System/Library/Frameworks/]
  remove lib [System]
  remove lib [/Applications/Xcode.app/Contents/Developer/Toolchains/XcodeDefault.xctoolchain/usr/lib/clang/13.0.0/lib/darwin/libclang_rt.osx.a]
  collapse library dir [/Users/gayuhkautaman/Documents/code/cpp/KIJProject/build-KIJProject-Qt_6_2_2_homebrew/CMakeFiles/CMakeTmp/Debug] ==> [/Users/gayuhkautaman/Documents/code/cpp/KIJProject/build-KIJProject-Qt_6_2_2_homebrew/CMakeFiles/CMakeTmp/Debug], skipping non-system directory
  collapse library dir [/Applications/Xcode.app/Contents/Developer/Platforms/MacOSX.platform/Developer/SDKs/MacOSX12.1.sdk/usr/lib] ==> [/Applications/Xcode.app/Contents/Developer/Platforms/MacOSX.platform/Developer/SDKs/MacOSX12.1.sdk/usr/lib]
  collapse framework dir [/Users/gayuhkautaman/Documents/code/cpp/KIJProject/build-KIJProject-Qt_6_2_2_homebrew/CMakeFiles/CMakeTmp/Debug] ==> [/Users/gayuhkautaman/Documents/code/cpp/KIJProject/build-KIJProject-Qt_6_2_2_homebrew/CMakeFiles/CMakeTmp/Debug], skipping non-system directory
  collapse framework dir [/Applications/Xcode.app/Contents/Developer/Platforms/MacOSX.platform/Developer/SDKs/MacOSX12.1.sdk/System/Library/Frameworks/] ==> [/Applications/Xcode.app/Contents/Developer/Platforms/MacOSX.platform/Developer/SDKs/MacOSX12.1.sdk/System/Library/Frameworks]
  implicit libs: [c++]
  implicit objs: [/Users/gayuhkautaman/Documents/code/cpp/KIJProject/build-KIJProject-Qt_6_2_2_homebrew/CMakeFiles/CMakeTmp/CMAKE_TRY_COMPILE.build/Debug/cmTC_29c09.build/Objects-normal/arm64/cmTC_29c09_lto.o]
  implicit dirs: [/Applications/Xcode.app/Contents/Developer/Platforms/MacOSX.platform/Developer/SDKs/MacOSX12.1.sdk/usr/lib]
  implicit fwks: [/Applications/Xcode.app/Contents/Developer/Platforms/MacOSX.platform/Developer/SDKs/MacOSX12.1.sdk/System/Library/Frameworks]


Determining if the include file pthread.h exists passed with the following output:
Change Dir: /Users/gayuhkautaman/Documents/code/cpp/KIJProject/build-KIJProject-Qt_6_2_2_homebrew/CMakeFiles/CMakeTmp

Run Build Command(s):/usr/bin/xcodebuild -project CMAKE_TRY_COMPILE.xcodeproj build -target cmTC_13910 -parallelizeTargets -configuration Debug -hideShellScriptEnvironment && objc[13397]: Class AMSupportURLConnectionDelegate is implemented in both /usr/lib/libauthinstall.dylib (0x1da66eb90) and /Library/Apple/System/Library/PrivateFrameworks/MobileDevice.framework/Versions/A/MobileDevice (0x103cc02c8). One of the two will be used. Which one is undefined.
objc[13397]: Class AMSupportURLSession is implemented in both /usr/lib/libauthinstall.dylib (0x1da66ebe0) and /Library/Apple/System/Library/PrivateFrameworks/MobileDevice.framework/Versions/A/MobileDevice (0x103cc0318). One of the two will be used. Which one is undefined.
Command line invocation:
    /Applications/Xcode.app/Contents/Developer/usr/bin/xcodebuild -project CMAKE_TRY_COMPILE.xcodeproj build -target cmTC_13910 -parallelizeTargets -configuration Debug -hideShellScriptEnvironment

User defaults from command line:
    HideShellScriptEnvironment = YES
    IDEPackageSupportUseBuiltinSCM = YES

note: Using new build system
note: Planning
Analyze workspace

Create build description
Build description signature: bd4ddf0bb9ecab0b4190705b8d1305f8
Build description path: /Users/gayuhkautaman/Documents/code/cpp/KIJProject/build-KIJProject-Qt_6_2_2_homebrew/CMakeFiles/CMakeTmp/build/XCBuildData/bd4ddf0bb9ecab0b4190705b8d1305f8-desc.xcbuild

note: Build preparation complete
note: Building targets in dependency order
CreateBuildDirectory /Users/gayuhkautaman/Documents/code/cpp/KIJProject/build-KIJProject-Qt_6_2_2_homebrew/CMakeFiles/CMakeTmp
    cd /Users/gayuhkautaman/Documents/code/cpp/KIJProject/build-KIJProject-Qt_6_2_2_homebrew/CMakeFiles/CMakeTmp/CMAKE_TRY_COMPILE.xcodeproj
    builtin-create-build-directory /Users/gayuhkautaman/Documents/code/cpp/KIJProject/build-KIJProject-Qt_6_2_2_homebrew/CMakeFiles/CMakeTmp

CreateBuildDirectory /Users/gayuhkautaman/Documents/code/cpp/KIJProject/build-KIJProject-Qt_6_2_2_homebrew/CMakeFiles/CMakeTmp/Debug
    cd /Users/gayuhkautaman/Documents/code/cpp/KIJProject/build-KIJProject-Qt_6_2_2_homebrew/CMakeFiles/CMakeTmp/CMAKE_TRY_COMPILE.xcodeproj
    builtin-create-build-directory /Users/gayuhkautaman/Documents/code/cpp/KIJProject/build-KIJProject-Qt_6_2_2_homebrew/CMakeFiles/CMakeTmp/Debug

CompileC /Users/gayuhkautaman/Documents/code/cpp/KIJProject/build-KIJProject-Qt_6_2_2_homebrew/CMakeFiles/CMakeTmp/CMAKE_TRY_COMPILE.build/Debug/cmTC_13910.build/Objects-normal/arm64/CheckIncludeFile.o /Users/gayuhkautaman/Documents/code/cpp/KIJProject/build-KIJProject-Qt_6_2_2_homebrew/CMakeFiles/CMakeTmp/CheckIncludeFile.cxx normal arm64 c++ com.apple.compilers.llvm.clang.1_0.compiler (in target 'cmTC_13910' from project 'CMAKE_TRY_COMPILE')
    cd /Users/gayuhkautaman/Documents/code/cpp/KIJProject/build-KIJProject-Qt_6_2_2_homebrew/CMakeFiles/CMakeTmp
    /Applications/Xcode.app/Contents/Developer/Toolchains/XcodeDefault.xctoolchain/usr/bin/clang -x c++ -target arm64-apple-macos10.15 -fmessage-length\=0 -fdiagnostics-show-note-include-stack -fmacro-backtrace-limit\=0 -Wno-trigraphs -fpascal-strings -O0 -Wno-missing-field-initializers -Wno-missing-prototypes -Wno-return-type -Wno-non-virtual-dtor -Wno-overloaded-virtual -Wno-exit-time-destructors -Wno-missing-braces -Wparentheses -Wswitch -Wno-unused-function -Wno-unused-label -Wno-unused-parameter -Wno-unused-variable -Wunused-value -Wno-empty-body -Wno-uninitialized -Wno-unknown-pragmas -Wno-shadow -Wno-four-char-constants -Wno-conversion -Wno-constant-conversion -Wno-int-conversion -Wno-bool-conversion -Wno-enum-conversion -Wno-float-conversion -Wno-non-literal-null-conversion -Wno-objc-literal-conversion -Wno-shorten-64-to-32 -Wno-newline-eof -Wno-c++11-extensions -DCMAKE_INTDIR\=\"Debug\" -isysroot /Applications/Xcode.app/Contents/Developer/Platforms/MacOSX.platform/Developer/SDKs/MacOSX12.1.sdk -fstrict-aliasing -Wdeprecated-declarations -Winvalid-offsetof -g -Wno-sign-conversion -Wno-infinite-recursion -Wno-move -Wno-comma -Wno-block-capture-autoreleasing -Wno-strict-prototypes -Wno-range-loop-analysis -Wno-semicolon-before-method-body -I/Users/gayuhkautaman/Documents/code/cpp/KIJProject/build-KIJProject-Qt_6_2_2_homebrew/CMakeFiles/CMakeTmp/Debug/include -I/Users/gayuhkautaman/Documents/code/cpp/KIJProject/build-KIJProject-Qt_6_2_2_homebrew/CMakeFiles/CMakeTmp/CMAKE_TRY_COMPILE.build/Debug/cmTC_13910.build/DerivedSources-normal/arm64 -I/Users/gayuhkautaman/Documents/code/cpp/KIJProject/build-KIJProject-Qt_6_2_2_homebrew/CMakeFiles/CMakeTmp/CMAKE_TRY_COMPILE.build/Debug/cmTC_13910.build/DerivedSources/arm64 -I/Users/gayuhkautaman/Documents/code/cpp/KIJProject/build-KIJProject-Qt_6_2_2_homebrew/CMakeFiles/CMakeTmp/CMAKE_TRY_COMPILE.build/Debug/cmTC_13910.build/DerivedSources -F/Users/gayuhkautaman/Documents/code/cpp/KIJProject/build-KIJProject-Qt_6_2_2_homebrew/CMakeFiles/CMakeTmp/Debug -Wall -fPIC -std\=c++11 -lcrypto -MMD -MT dependencies -MF /Users/gayuhkautaman/Documents/code/cpp/KIJProject/build-KIJProject-Qt_6_2_2_homebrew/CMakeFiles/CMakeTmp/CMAKE_TRY_COMPILE.build/Debug/cmTC_13910.build/Objects-normal/arm64/CheckIncludeFile.d --serialize-diagnostics /Users/gayuhkautaman/Documents/code/cpp/KIJProject/build-KIJProject-Qt_6_2_2_homebrew/CMakeFiles/CMakeTmp/CMAKE_TRY_COMPILE.build/Debug/cmTC_13910.build/Objects-normal/arm64/CheckIncludeFile.dia -c /Users/gayuhkautaman/Documents/code/cpp/KIJProject/build-KIJProject-Qt_6_2_2_homebrew/CMakeFiles/CMakeTmp/CheckIncludeFile.cxx -o /Users/gayuhkautaman/Documents/code/cpp/KIJProject/build-KIJProject-Qt_6_2_2_homebrew/CMakeFiles/CMakeTmp/CMAKE_TRY_COMPILE.build/Debug/cmTC_13910.build/Objects-normal/arm64/CheckIncludeFile.o
clang: warning: -lcrypto: 'linker' input unused [-Wunused-command-line-argument]

WriteAuxiliaryFile /Users/gayuhkautaman/Documents/code/cpp/KIJProject/build-KIJProject-Qt_6_2_2_homebrew/CMakeFiles/CMakeTmp/CMAKE_TRY_COMPILE.build/Debug/cmTC_13910.build/Objects-normal/arm64/cmTC_13910.LinkFileList (in target 'cmTC_13910' from project 'CMAKE_TRY_COMPILE')
    cd /Users/gayuhkautaman/Documents/code/cpp/KIJProject/build-KIJProject-Qt_6_2_2_homebrew/CMakeFiles/CMakeTmp
    write-file /Users/gayuhkautaman/Documents/code/cpp/KIJProject/build-KIJProject-Qt_6_2_2_homebrew/CMakeFiles/CMakeTmp/CMAKE_TRY_COMPILE.build/Debug/cmTC_13910.build/Objects-normal/arm64/cmTC_13910.LinkFileList

Ld /Users/gayuhkautaman/Documents/code/cpp/KIJProject/build-KIJProject-Qt_6_2_2_homebrew/CMakeFiles/CMakeTmp/Debug/cmTC_13910 normal (in target 'cmTC_13910' from project 'CMAKE_TRY_COMPILE')
    cd /Users/gayuhkautaman/Documents/code/cpp/KIJProject/build-KIJProject-Qt_6_2_2_homebrew/CMakeFiles/CMakeTmp
    /Applications/Xcode.app/Contents/Developer/Toolchains/XcodeDefault.xctoolchain/usr/bin/clang++ -target arm64-apple-macos10.15 -isysroot /Applications/Xcode.app/Contents/Developer/Platforms/MacOSX.platform/Developer/SDKs/MacOSX12.1.sdk -L/Users/gayuhkautaman/Documents/code/cpp/KIJProject/build-KIJProject-Qt_6_2_2_homebrew/CMakeFiles/CMakeTmp/Debug -F/Users/gayuhkautaman/Documents/code/cpp/KIJProject/build-KIJProject-Qt_6_2_2_homebrew/CMakeFiles/CMakeTmp/Debug -filelist /Users/gayuhkautaman/Documents/code/cpp/KIJProject/build-KIJProject-Qt_6_2_2_homebrew/CMakeFiles/CMakeTmp/CMAKE_TRY_COMPILE.build/Debug/cmTC_13910.build/Objects-normal/arm64/cmTC_13910.LinkFileList -Xlinker -object_path_lto -Xlinker /Users/gayuhkautaman/Documents/code/cpp/KIJProject/build-KIJProject-Qt_6_2_2_homebrew/CMakeFiles/CMakeTmp/CMAKE_TRY_COMPILE.build/Debug/cmTC_13910.build/Objects-normal/arm64/cmTC_13910_lto.o -Xlinker -no_deduplicate -Wl,-search_paths_first -Wl,-headerpad_max_install_names -Xlinker -dependency_info -Xlinker /Users/gayuhkautaman/Documents/code/cpp/KIJProject/build-KIJProject-Qt_6_2_2_homebrew/CMakeFiles/CMakeTmp/CMAKE_TRY_COMPILE.build/Debug/cmTC_13910.build/Objects-normal/arm64/cmTC_13910_dependency_info.dat -o /Users/gayuhkautaman/Documents/code/cpp/KIJProject/build-KIJProject-Qt_6_2_2_homebrew/CMakeFiles/CMakeTmp/Debug/cmTC_13910

RegisterExecutionPolicyException /Users/gayuhkautaman/Documents/code/cpp/KIJProject/build-KIJProject-Qt_6_2_2_homebrew/CMakeFiles/CMakeTmp/Debug/cmTC_13910 (in target 'cmTC_13910' from project 'CMAKE_TRY_COMPILE')
    cd /Users/gayuhkautaman/Documents/code/cpp/KIJProject/build-KIJProject-Qt_6_2_2_homebrew/CMakeFiles/CMakeTmp
    builtin-RegisterExecutionPolicyException /Users/gayuhkautaman/Documents/code/cpp/KIJProject/build-KIJProject-Qt_6_2_2_homebrew/CMakeFiles/CMakeTmp/Debug/cmTC_13910

** BUILD SUCCEEDED **




Performing C++ SOURCE FILE Test CMAKE_HAVE_LIBC_PTHREAD succeeded with the following output:
Change Dir: /Users/gayuhkautaman/Documents/code/cpp/KIJProject/build-KIJProject-Qt_6_2_2_homebrew/CMakeFiles/CMakeTmp

Run Build Command(s):/usr/bin/xcodebuild -project CMAKE_TRY_COMPILE.xcodeproj build -target cmTC_16c7c -parallelizeTargets -configuration Debug -hideShellScriptEnvironment && objc[13413]: Class AMSupportURLConnectionDelegate is implemented in both /usr/lib/libauthinstall.dylib (0x1da66eb90) and /Library/Apple/System/Library/PrivateFrameworks/MobileDevice.framework/Versions/A/MobileDevice (0x1083682c8). One of the two will be used. Which one is undefined.
objc[13413]: Class AMSupportURLSession is implemented in both /usr/lib/libauthinstall.dylib (0x1da66ebe0) and /Library/Apple/System/Library/PrivateFrameworks/MobileDevice.framework/Versions/A/MobileDevice (0x108368318). One of the two will be used. Which one is undefined.
Command line invocation:
    /Applications/Xcode.app/Contents/Developer/usr/bin/xcodebuild -project CMAKE_TRY_COMPILE.xcodeproj build -target cmTC_16c7c -parallelizeTargets -configuration Debug -hideShellScriptEnvironment

User defaults from command line:
    HideShellScriptEnvironment = YES
    IDEPackageSupportUseBuiltinSCM = YES

note: Using new build system
note: Planning
Analyze workspace

Create build description
Build description signature: 4b71a0cc243551f2da6ba456880d60b6
Build description path: /Users/gayuhkautaman/Documents/code/cpp/KIJProject/build-KIJProject-Qt_6_2_2_homebrew/CMakeFiles/CMakeTmp/build/XCBuildData/4b71a0cc243551f2da6ba456880d60b6-desc.xcbuild

note: Build preparation complete
note: Building targets in dependency order
CreateBuildDirectory /Users/gayuhkautaman/Documents/code/cpp/KIJProject/build-KIJProject-Qt_6_2_2_homebrew/CMakeFiles/CMakeTmp
    cd /Users/gayuhkautaman/Documents/code/cpp/KIJProject/build-KIJProject-Qt_6_2_2_homebrew/CMakeFiles/CMakeTmp/CMAKE_TRY_COMPILE.xcodeproj
    builtin-create-build-directory /Users/gayuhkautaman/Documents/code/cpp/KIJProject/build-KIJProject-Qt_6_2_2_homebrew/CMakeFiles/CMakeTmp

CreateBuildDirectory /Users/gayuhkautaman/Documents/code/cpp/KIJProject/build-KIJProject-Qt_6_2_2_homebrew/CMakeFiles/CMakeTmp/Debug
    cd /Users/gayuhkautaman/Documents/code/cpp/KIJProject/build-KIJProject-Qt_6_2_2_homebrew/CMakeFiles/CMakeTmp/CMAKE_TRY_COMPILE.xcodeproj
    builtin-create-build-directory /Users/gayuhkautaman/Documents/code/cpp/KIJProject/build-KIJProject-Qt_6_2_2_homebrew/CMakeFiles/CMakeTmp/Debug

CompileC /Users/gayuhkautaman/Documents/code/cpp/KIJProject/build-KIJProject-Qt_6_2_2_homebrew/CMakeFiles/CMakeTmp/CMAKE_TRY_COMPILE.build/Debug/cmTC_16c7c.build/Objects-normal/arm64/src.o /Users/gayuhkautaman/Documents/code/cpp/KIJProject/build-KIJProject-Qt_6_2_2_homebrew/CMakeFiles/CMakeTmp/src.cxx normal arm64 c++ com.apple.compilers.llvm.clang.1_0.compiler (in target 'cmTC_16c7c' from project 'CMAKE_TRY_COMPILE')
    cd /Users/gayuhkautaman/Documents/code/cpp/KIJProject/build-KIJProject-Qt_6_2_2_homebrew/CMakeFiles/CMakeTmp
    /Applications/Xcode.app/Contents/Developer/Toolchains/XcodeDefault.xctoolchain/usr/bin/clang -x c++ -target arm64-apple-macos10.15 -fmessage-length\=0 -fdiagnostics-show-note-include-stack -fmacro-backtrace-limit\=0 -Wno-trigraphs -fpascal-strings -O0 -Wno-missing-field-initializers -Wno-missing-prototypes -Wno-return-type -Wno-non-virtual-dtor -Wno-overloaded-virtual -Wno-exit-time-destructors -Wno-missing-braces -Wparentheses -Wswitch -Wno-unused-function -Wno-unused-label -Wno-unused-parameter -Wno-unused-variable -Wunused-value -Wno-empty-body -Wno-uninitialized -Wno-unknown-pragmas -Wno-shadow -Wno-four-char-constants -Wno-conversion -Wno-constant-conversion -Wno-int-conversion -Wno-bool-conversion -Wno-enum-conversion -Wno-float-conversion -Wno-non-literal-null-conversion -Wno-objc-literal-conversion -Wno-shorten-64-to-32 -Wno-newline-eof -Wno-c++11-extensions -DCMAKE_INTDIR\=\"Debug\" -DCMAKE_HAVE_LIBC_PTHREAD -isysroot /Applications/Xcode.app/Contents/Developer/Platforms/MacOSX.platform/Developer/SDKs/MacOSX12.1.sdk -fstrict-aliasing -Wdeprecated-declarations -Winvalid-offsetof -g -Wno-sign-conversion -Wno-infinite-recursion -Wno-move -Wno-comma -Wno-block-capture-autoreleasing -Wno-strict-prototypes -Wno-range-loop-analysis -Wno-semicolon-before-method-body -I/Users/gayuhkautaman/Documents/code/cpp/KIJProject/build-KIJProject-Qt_6_2_2_homebrew/CMakeFiles/CMakeTmp/Debug/include -I/Users/gayuhkautaman/Documents/code/cpp/KIJProject/build-KIJProject-Qt_6_2_2_homebrew/CMakeFiles/CMakeTmp/CMAKE_TRY_COMPILE.build/Debug/cmTC_16c7c.build/DerivedSources-normal/arm64 -I/Users/gayuhkautaman/Documents/code/cpp/KIJProject/build-KIJProject-Qt_6_2_2_homebrew/CMakeFiles/CMakeTmp/CMAKE_TRY_COMPILE.build/Debug/cmTC_16c7c.build/DerivedSources/arm64 -I/Users/gayuhkautaman/Documents/code/cpp/KIJProject/build-KIJProject-Qt_6_2_2_homebrew/CMakeFiles/CMakeTmp/CMAKE_TRY_COMPILE.build/Debug/cmTC_16c7c.build/DerivedSources -F/Users/gayuhkautaman/Documents/code/cpp/KIJProject/build-KIJProject-Qt_6_2_2_homebrew/CMakeFiles/CMakeTmp/Debug -Wall -fPIC -std\=c++11 -lcrypto -MMD -MT dependencies -MF /Users/gayuhkautaman/Documents/code/cpp/KIJProject/build-KIJProject-Qt_6_2_2_homebrew/CMakeFiles/CMakeTmp/CMAKE_TRY_COMPILE.build/Debug/cmTC_16c7c.build/Objects-normal/arm64/src.d --serialize-diagnostics /Users/gayuhkautaman/Documents/code/cpp/KIJProject/build-KIJProject-Qt_6_2_2_homebrew/CMakeFiles/CMakeTmp/CMAKE_TRY_COMPILE.build/Debug/cmTC_16c7c.build/Objects-normal/arm64/src.dia -c /Users/gayuhkautaman/Documents/code/cpp/KIJProject/build-KIJProject-Qt_6_2_2_homebrew/CMakeFiles/CMakeTmp/src.cxx -o /Users/gayuhkautaman/Documents/code/cpp/KIJProject/build-KIJProject-Qt_6_2_2_homebrew/CMakeFiles/CMakeTmp/CMAKE_TRY_COMPILE.build/Debug/cmTC_16c7c.build/Objects-normal/arm64/src.o
clang: warning: -lcrypto: 'linker' input unused [-Wunused-command-line-argument]

WriteAuxiliaryFile /Users/gayuhkautaman/Documents/code/cpp/KIJProject/build-KIJProject-Qt_6_2_2_homebrew/CMakeFiles/CMakeTmp/CMAKE_TRY_COMPILE.build/Debug/cmTC_16c7c.build/Objects-normal/arm64/cmTC_16c7c.LinkFileList (in target 'cmTC_16c7c' from project 'CMAKE_TRY_COMPILE')
    cd /Users/gayuhkautaman/Documents/code/cpp/KIJProject/build-KIJProject-Qt_6_2_2_homebrew/CMakeFiles/CMakeTmp
    write-file /Users/gayuhkautaman/Documents/code/cpp/KIJProject/build-KIJProject-Qt_6_2_2_homebrew/CMakeFiles/CMakeTmp/CMAKE_TRY_COMPILE.build/Debug/cmTC_16c7c.build/Objects-normal/arm64/cmTC_16c7c.LinkFileList

Ld /Users/gayuhkautaman/Documents/code/cpp/KIJProject/build-KIJProject-Qt_6_2_2_homebrew/CMakeFiles/CMakeTmp/Debug/cmTC_16c7c normal (in target 'cmTC_16c7c' from project 'CMAKE_TRY_COMPILE')
    cd /Users/gayuhkautaman/Documents/code/cpp/KIJProject/build-KIJProject-Qt_6_2_2_homebrew/CMakeFiles/CMakeTmp
    /Applications/Xcode.app/Contents/Developer/Toolchains/XcodeDefault.xctoolchain/usr/bin/clang++ -target arm64-apple-macos10.15 -isysroot /Applications/Xcode.app/Contents/Developer/Platforms/MacOSX.platform/Developer/SDKs/MacOSX12.1.sdk -L/Users/gayuhkautaman/Documents/code/cpp/KIJProject/build-KIJProject-Qt_6_2_2_homebrew/CMakeFiles/CMakeTmp/Debug -F/Users/gayuhkautaman/Documents/code/cpp/KIJProject/build-KIJProject-Qt_6_2_2_homebrew/CMakeFiles/CMakeTmp/Debug -filelist /Users/gayuhkautaman/Documents/code/cpp/KIJProject/build-KIJProject-Qt_6_2_2_homebrew/CMakeFiles/CMakeTmp/CMAKE_TRY_COMPILE.build/Debug/cmTC_16c7c.build/Objects-normal/arm64/cmTC_16c7c.LinkFileList -Xlinker -object_path_lto -Xlinker /Users/gayuhkautaman/Documents/code/cpp/KIJProject/build-KIJProject-Qt_6_2_2_homebrew/CMakeFiles/CMakeTmp/CMAKE_TRY_COMPILE.build/Debug/cmTC_16c7c.build/Objects-normal/arm64/cmTC_16c7c_lto.o -Xlinker -no_deduplicate -Wl,-search_paths_first -Wl,-headerpad_max_install_names -Xlinker -dependency_info -Xlinker /Users/gayuhkautaman/Documents/code/cpp/KIJProject/build-KIJProject-Qt_6_2_2_homebrew/CMakeFiles/CMakeTmp/CMAKE_TRY_COMPILE.build/Debug/cmTC_16c7c.build/Objects-normal/arm64/cmTC_16c7c_dependency_info.dat -o /Users/gayuhkautaman/Documents/code/cpp/KIJProject/build-KIJProject-Qt_6_2_2_homebrew/CMakeFiles/CMakeTmp/Debug/cmTC_16c7c

RegisterExecutionPolicyException /Users/gayuhkautaman/Documents/code/cpp/KIJProject/build-KIJProject-Qt_6_2_2_homebrew/CMakeFiles/CMakeTmp/Debug/cmTC_16c7c (in target 'cmTC_16c7c' from project 'CMAKE_TRY_COMPILE')
    cd /Users/gayuhkautaman/Documents/code/cpp/KIJProject/build-KIJProject-Qt_6_2_2_homebrew/CMakeFiles/CMakeTmp
    builtin-RegisterExecutionPolicyException /Users/gayuhkautaman/Documents/code/cpp/KIJProject/build-KIJProject-Qt_6_2_2_homebrew/CMakeFiles/CMakeTmp/Debug/cmTC_16c7c

** BUILD SUCCEEDED **



Source file was:
#include <pthread.h>

static void* test_func(void* data)
{
  return data;
}

int main(void)
{
  pthread_t thread;
  pthread_create(&thread, NULL, test_func, NULL);
  pthread_detach(thread);
  pthread_cancel(thread);
  pthread_join(thread, NULL);
  pthread_atfork(NULL, NULL, NULL);
  pthread_exit(NULL);

  return 0;
}

Performing C++ SOURCE FILE Test HAVE_STDATOMIC succeeded with the following output:
Change Dir: /Users/gayuhkautaman/Documents/code/cpp/KIJProject/build-KIJProject-Qt_6_2_2_homebrew/CMakeFiles/CMakeTmp

Run Build Command(s):/usr/bin/xcodebuild -project CMAKE_TRY_COMPILE.xcodeproj build -target cmTC_785e8 -parallelizeTargets -configuration Debug -hideShellScriptEnvironment && objc[13427]: Class AMSupportURLConnectionDelegate is implemented in both /usr/lib/libauthinstall.dylib (0x1da66eb90) and /Library/Apple/System/Library/PrivateFrameworks/MobileDevice.framework/Versions/A/MobileDevice (0x1086342c8). One of the two will be used. Which one is undefined.
objc[13427]: Class AMSupportURLSession is implemented in both /usr/lib/libauthinstall.dylib (0x1da66ebe0) and /Library/Apple/System/Library/PrivateFrameworks/MobileDevice.framework/Versions/A/MobileDevice (0x108634318). One of the two will be used. Which one is undefined.
Command line invocation:
    /Applications/Xcode.app/Contents/Developer/usr/bin/xcodebuild -project CMAKE_TRY_COMPILE.xcodeproj build -target cmTC_785e8 -parallelizeTargets -configuration Debug -hideShellScriptEnvironment

User defaults from command line:
    HideShellScriptEnvironment = YES
    IDEPackageSupportUseBuiltinSCM = YES

note: Using new build system
note: Planning
Analyze workspace

Create build description
Build description signature: 6d765f34cd8c7350dccf774fe5be6abd
Build description path: /Users/gayuhkautaman/Documents/code/cpp/KIJProject/build-KIJProject-Qt_6_2_2_homebrew/CMakeFiles/CMakeTmp/build/XCBuildData/6d765f34cd8c7350dccf774fe5be6abd-desc.xcbuild

note: Build preparation complete
note: Building targets in dependency order
CreateBuildDirectory /Users/gayuhkautaman/Documents/code/cpp/KIJProject/build-KIJProject-Qt_6_2_2_homebrew/CMakeFiles/CMakeTmp
    cd /Users/gayuhkautaman/Documents/code/cpp/KIJProject/build-KIJProject-Qt_6_2_2_homebrew/CMakeFiles/CMakeTmp/CMAKE_TRY_COMPILE.xcodeproj
    builtin-create-build-directory /Users/gayuhkautaman/Documents/code/cpp/KIJProject/build-KIJProject-Qt_6_2_2_homebrew/CMakeFiles/CMakeTmp

CreateBuildDirectory /Users/gayuhkautaman/Documents/code/cpp/KIJProject/build-KIJProject-Qt_6_2_2_homebrew/CMakeFiles/CMakeTmp/Debug
    cd /Users/gayuhkautaman/Documents/code/cpp/KIJProject/build-KIJProject-Qt_6_2_2_homebrew/CMakeFiles/CMakeTmp/CMAKE_TRY_COMPILE.xcodeproj
    builtin-create-build-directory /Users/gayuhkautaman/Documents/code/cpp/KIJProject/build-KIJProject-Qt_6_2_2_homebrew/CMakeFiles/CMakeTmp/Debug

WriteAuxiliaryFile /Users/gayuhkautaman/Documents/code/cpp/KIJProject/build-KIJProject-Qt_6_2_2_homebrew/CMakeFiles/CMakeTmp/CMAKE_TRY_COMPILE.build/Debug/cmTC_785e8.build/Objects-normal/arm64/cmTC_785e8.LinkFileList (in target 'cmTC_785e8' from project 'CMAKE_TRY_COMPILE')
    cd /Users/gayuhkautaman/Documents/code/cpp/KIJProject/build-KIJProject-Qt_6_2_2_homebrew/CMakeFiles/CMakeTmp
    write-file /Users/gayuhkautaman/Documents/code/cpp/KIJProject/build-KIJProject-Qt_6_2_2_homebrew/CMakeFiles/CMakeTmp/CMAKE_TRY_COMPILE.build/Debug/cmTC_785e8.build/Objects-normal/arm64/cmTC_785e8.LinkFileList

CompileC /Users/gayuhkautaman/Documents/code/cpp/KIJProject/build-KIJProject-Qt_6_2_2_homebrew/CMakeFiles/CMakeTmp/CMAKE_TRY_COMPILE.build/Debug/cmTC_785e8.build/Objects-normal/arm64/src.o /Users/gayuhkautaman/Documents/code/cpp/KIJProject/build-KIJProject-Qt_6_2_2_homebrew/CMakeFiles/CMakeTmp/src.cxx normal arm64 c++ com.apple.compilers.llvm.clang.1_0.compiler (in target 'cmTC_785e8' from project 'CMAKE_TRY_COMPILE')
    cd /Users/gayuhkautaman/Documents/code/cpp/KIJProject/build-KIJProject-Qt_6_2_2_homebrew/CMakeFiles/CMakeTmp
    /Applications/Xcode.app/Contents/Developer/Toolchains/XcodeDefault.xctoolchain/usr/bin/clang -x c++ -target arm64-apple-macos10.15 -fmessage-length\=0 -fdiagnostics-show-note-include-stack -fmacro-backtrace-limit\=0 -Wno-trigraphs -fpascal-strings -O0 -Wno-missing-field-initializers -Wno-missing-prototypes -Wno-return-type -Wno-non-virtual-dtor -Wno-overloaded-virtual -Wno-exit-time-destructors -Wno-missing-braces -Wparentheses -Wswitch -Wno-unused-function -Wno-unused-label -Wno-unused-parameter -Wno-unused-variable -Wunused-value -Wno-empty-body -Wno-uninitialized -Wno-unknown-pragmas -Wno-shadow -Wno-four-char-constants -Wno-conversion -Wno-constant-conversion -Wno-int-conversion -Wno-bool-conversion -Wno-enum-conversion -Wno-float-conversion -Wno-non-literal-null-conversion -Wno-objc-literal-conversion -Wno-shorten-64-to-32 -Wno-newline-eof -Wno-c++11-extensions -DCMAKE_INTDIR\=\"Debug\" -DHAVE_STDATOMIC -isysroot /Applications/Xcode.app/Contents/Developer/Platforms/MacOSX.platform/Developer/SDKs/MacOSX12.1.sdk -fstrict-aliasing -Wdeprecated-declarations -Winvalid-offsetof -g -Wno-sign-conversion -Wno-infinite-recursion -Wno-move -Wno-comma -Wno-block-capture-autoreleasing -Wno-strict-prototypes -Wno-range-loop-analysis -Wno-semicolon-before-method-body -I/Users/gayuhkautaman/Documents/code/cpp/KIJProject/build-KIJProject-Qt_6_2_2_homebrew/CMakeFiles/CMakeTmp/Debug/include -I/Users/gayuhkautaman/Documents/code/cpp/KIJProject/build-KIJProject-Qt_6_2_2_homebrew/CMakeFiles/CMakeTmp/CMAKE_TRY_COMPILE.build/Debug/cmTC_785e8.build/DerivedSources-normal/arm64 -I/Users/gayuhkautaman/Documents/code/cpp/KIJProject/build-KIJProject-Qt_6_2_2_homebrew/CMakeFiles/CMakeTmp/CMAKE_TRY_COMPILE.build/Debug/cmTC_785e8.build/DerivedSources/arm64 -I/Users/gayuhkautaman/Documents/code/cpp/KIJProject/build-KIJProject-Qt_6_2_2_homebrew/CMakeFiles/CMakeTmp/CMAKE_TRY_COMPILE.build/Debug/cmTC_785e8.build/DerivedSources -F/Users/gayuhkautaman/Documents/code/cpp/KIJProject/build-KIJProject-Qt_6_2_2_homebrew/CMakeFiles/CMakeTmp/Debug -Wall -fPIC -std\=c++11 -lcrypto -MMD -MT dependencies -MF /Users/gayuhkautaman/Documents/code/cpp/KIJProject/build-KIJProject-Qt_6_2_2_homebrew/CMakeFiles/CMakeTmp/CMAKE_TRY_COMPILE.build/Debug/cmTC_785e8.build/Objects-normal/arm64/src.d --serialize-diagnostics /Users/gayuhkautaman/Documents/code/cpp/KIJProject/build-KIJProject-Qt_6_2_2_homebrew/CMakeFiles/CMakeTmp/CMAKE_TRY_COMPILE.build/Debug/cmTC_785e8.build/Objects-normal/arm64/src.dia -c /Users/gayuhkautaman/Documents/code/cpp/KIJProject/build-KIJProject-Qt_6_2_2_homebrew/CMakeFiles/CMakeTmp/src.cxx -o /Users/gayuhkautaman/Documents/code/cpp/KIJProject/build-KIJProject-Qt_6_2_2_homebrew/CMakeFiles/CMakeTmp/CMAKE_TRY_COMPILE.build/Debug/cmTC_785e8.build/Objects-normal/arm64/src.o
clang: warning: -lcrypto: 'linker' input unused [-Wunused-command-line-argument]

Ld /Users/gayuhkautaman/Documents/code/cpp/KIJProject/build-KIJProject-Qt_6_2_2_homebrew/CMakeFiles/CMakeTmp/Debug/cmTC_785e8 normal (in target 'cmTC_785e8' from project 'CMAKE_TRY_COMPILE')
    cd /Users/gayuhkautaman/Documents/code/cpp/KIJProject/build-KIJProject-Qt_6_2_2_homebrew/CMakeFiles/CMakeTmp
    /Applications/Xcode.app/Contents/Developer/Toolchains/XcodeDefault.xctoolchain/usr/bin/clang++ -target arm64-apple-macos10.15 -isysroot /Applications/Xcode.app/Contents/Developer/Platforms/MacOSX.platform/Developer/SDKs/MacOSX12.1.sdk -L/Users/gayuhkautaman/Documents/code/cpp/KIJProject/build-KIJProject-Qt_6_2_2_homebrew/CMakeFiles/CMakeTmp/Debug -F/Users/gayuhkautaman/Documents/code/cpp/KIJProject/build-KIJProject-Qt_6_2_2_homebrew/CMakeFiles/CMakeTmp/Debug -filelist /Users/gayuhkautaman/Documents/code/cpp/KIJProject/build-KIJProject-Qt_6_2_2_homebrew/CMakeFiles/CMakeTmp/CMAKE_TRY_COMPILE.build/Debug/cmTC_785e8.build/Objects-normal/arm64/cmTC_785e8.LinkFileList -Xlinker -object_path_lto -Xlinker /Users/gayuhkautaman/Documents/code/cpp/KIJProject/build-KIJProject-Qt_6_2_2_homebrew/CMakeFiles/CMakeTmp/CMAKE_TRY_COMPILE.build/Debug/cmTC_785e8.build/Objects-normal/arm64/cmTC_785e8_lto.o -Xlinker -no_deduplicate -Wl,-search_paths_first -Wl,-headerpad_max_install_names -Xlinker -dependency_info -Xlinker /Users/gayuhkautaman/Documents/code/cpp/KIJProject/build-KIJProject-Qt_6_2_2_homebrew/CMakeFiles/CMakeTmp/CMAKE_TRY_COMPILE.build/Debug/cmTC_785e8.build/Objects-normal/arm64/cmTC_785e8_dependency_info.dat -o /Users/gayuhkautaman/Documents/code/cpp/KIJProject/build-KIJProject-Qt_6_2_2_homebrew/CMakeFiles/CMakeTmp/Debug/cmTC_785e8

RegisterExecutionPolicyException /Users/gayuhkautaman/Documents/code/cpp/KIJProject/build-KIJProject-Qt_6_2_2_homebrew/CMakeFiles/CMakeTmp/Debug/cmTC_785e8 (in target 'cmTC_785e8' from project 'CMAKE_TRY_COMPILE')
    cd /Users/gayuhkautaman/Documents/code/cpp/KIJProject/build-KIJProject-Qt_6_2_2_homebrew/CMakeFiles/CMakeTmp
    builtin-RegisterExecutionPolicyException /Users/gayuhkautaman/Documents/code/cpp/KIJProject/build-KIJProject-Qt_6_2_2_homebrew/CMakeFiles/CMakeTmp/Debug/cmTC_785e8

** BUILD SUCCEEDED **



Source file was:
#include <atomic>
#include <cstdint>

void test(volatile std::atomic<std::int64_t> &a)
{
    std::int64_t v = a.load(std::memory_order_acquire);
    while (!a.compare_exchange_strong(v, v + 1,
                                      std::memory_order_acq_rel,
                                      std::memory_order_acquire)) {
        v = a.exchange(v - 1);
    }
    a.store(v + 1, std::memory_order_release);
}

int main(int, char **)
{
    void *ptr = (void*)0xffffffc0; // any random pointer
    test(*reinterpret_cast<std::atomic<std::int64_t> *>(ptr));
    return 0;
}
